<?xml version="1.0" encoding="UTF-8"?>
<coverage generated="1564156189">
  <project timestamp="1564156189">
    <package name="MerchantOfComplexity\Authters\Application">
      <file name="/home/stephbug/www/package/moc/authters/src/Application/HasAuthorization.php">
        <class name="HasAuthorization" namespace="MerchantOfComplexity\Authters\Application">
          <metrics complexity="14" methods="12" coveredmethods="0" conditionals="0" coveredconditionals="0" statements="42" coveredstatements="0" elements="54" coveredelements="0"/>
        </class>
        <line num="25" type="method" name="isGranted" visibility="protected" complexity="1" crap="2.00" count="0"/>
        <line num="26" type="stmt" count="0"/>
        <line num="27" type="stmt" count="0"/>
        <line num="28" type="stmt" count="0"/>
        <line num="36" type="method" name="denyAccessUnlessGranted" visibility="protected" complexity="2" crap="6.00" count="0"/>
        <line num="37" type="stmt" count="0"/>
        <line num="38" type="stmt" count="0"/>
        <line num="39" type="stmt" count="0"/>
        <line num="40" type="stmt" count="0"/>
        <line num="42" type="stmt" count="0"/>
        <line num="43" type="stmt" count="0"/>
        <line num="45" type="method" name="isAnonymousIdentity" visibility="protected" complexity="1" crap="2.00" count="0"/>
        <line num="46" type="stmt" count="0"/>
        <line num="47" type="stmt" count="0"/>
        <line num="48" type="stmt" count="0"/>
        <line num="50" type="method" name="isRememberedIdentity" visibility="protected" complexity="1" crap="2.00" count="0"/>
        <line num="51" type="stmt" count="0"/>
        <line num="52" type="stmt" count="0"/>
        <line num="53" type="stmt" count="0"/>
        <line num="55" type="method" name="isFullyAuthenticatedIdentity" visibility="protected" complexity="1" crap="2.00" count="0"/>
        <line num="56" type="stmt" count="0"/>
        <line num="57" type="stmt" count="0"/>
        <line num="58" type="stmt" count="0"/>
        <line num="64" type="method" name="requireToken" visibility="protected" complexity="2" crap="6.00" count="0"/>
        <line num="65" type="stmt" count="0"/>
        <line num="66" type="stmt" count="0"/>
        <line num="67" type="stmt" count="0"/>
        <line num="68" type="stmt" count="0"/>
        <line num="70" type="stmt" count="0"/>
        <line num="71" type="stmt" count="0"/>
        <line num="73" type="method" name="tokenStorage" visibility="protected" complexity="1" crap="2.00" count="0"/>
        <line num="74" type="stmt" count="0"/>
        <line num="75" type="stmt" count="0"/>
        <line num="76" type="stmt" count="0"/>
        <line num="78" type="method" name="authorizationChecker" visibility="protected" complexity="1" crap="2.00" count="0"/>
        <line num="79" type="stmt" count="0"/>
        <line num="80" type="stmt" count="0"/>
        <line num="81" type="stmt" count="0"/>
        <line num="83" type="method" name="trustResolver" visibility="protected" complexity="1" crap="2.00" count="0"/>
        <line num="84" type="stmt" count="0"/>
        <line num="85" type="stmt" count="0"/>
        <line num="86" type="stmt" count="0"/>
        <line num="88" type="method" name="raiseAuthorizationDenied" visibility="protected" complexity="1" crap="2.00" count="0"/>
        <line num="89" type="stmt" count="0"/>
        <line num="90" type="stmt" count="0"/>
        <line num="91" type="stmt" count="0"/>
        <line num="93" type="method" name="container" visibility="private" complexity="1" crap="2.00" count="0"/>
        <line num="94" type="stmt" count="0"/>
        <line num="95" type="stmt" count="0"/>
        <line num="96" type="stmt" count="0"/>
        <line num="98" type="method" name="setContainer" visibility="public" complexity="1" crap="2.00" count="0"/>
        <line num="99" type="stmt" count="0"/>
        <line num="100" type="stmt" count="0"/>
        <line num="101" type="stmt" count="0"/>
        <metrics loc="101" ncloc="83" classes="1" methods="12" coveredmethods="0" conditionals="0" coveredconditionals="0" statements="42" coveredstatements="0" elements="54" coveredelements="0"/>
      </file>
    </package>
    <package name="MerchantOfComplexity\Authters\Application\Http\Middleware">
      <file name="/home/stephbug/www/package/moc/authters/src/Application/Http/Middleware/AnonymousAuthentication.php">
        <class name="MerchantOfComplexity\Authters\Application\Http\Middleware\AnonymousAuthentication" namespace="MerchantOfComplexity\Authters\Application\Http\Middleware">
          <metrics complexity="5" methods="3" coveredmethods="0" conditionals="0" coveredconditionals="0" statements="12" coveredstatements="0" elements="15" coveredelements="0"/>
        </class>
        <line num="18" type="method" name="__construct" visibility="public" complexity="1" crap="2.00" count="0"/>
        <line num="19" type="stmt" count="0"/>
        <line num="20" type="stmt" count="0"/>
        <line num="21" type="stmt" count="0"/>
        <line num="23" type="method" name="requireAuthentication" visibility="protected" complexity="1" crap="2.00" count="0"/>
        <line num="24" type="stmt" count="0"/>
        <line num="25" type="stmt" count="0"/>
        <line num="26" type="stmt" count="0"/>
        <line num="28" type="method" name="processAuthentication" visibility="protected" complexity="3" crap="12.00" count="0"/>
        <line num="29" type="stmt" count="0"/>
        <line num="30" type="stmt" count="0"/>
        <line num="31" type="stmt" count="0"/>
        <line num="32" type="stmt" count="0"/>
        <line num="34" type="stmt" count="0"/>
        <line num="35" type="stmt" count="0"/>
        <metrics loc="35" ncloc="32" classes="1" methods="3" coveredmethods="0" conditionals="0" coveredconditionals="0" statements="12" coveredstatements="0" elements="15" coveredelements="0"/>
      </file>
      <file name="/home/stephbug/www/package/moc/authters/src/Application/Http/Middleware/Authentication.php">
        <class name="MerchantOfComplexity\Authters\Application\Http\Middleware\Authentication" namespace="MerchantOfComplexity\Authters\Application\Http\Middleware">
          <metrics complexity="7" methods="1" coveredmethods="0" conditionals="0" coveredconditionals="0" statements="15" coveredstatements="0" elements="16" coveredelements="0"/>
        </class>
        <line num="16" type="method" name="authenticate" visibility="public" complexity="4" crap="20.00" count="0"/>
        <line num="17" type="stmt" count="0"/>
        <line num="18" type="stmt" count="0"/>
        <line num="19" type="stmt" count="0"/>
        <line num="20" type="stmt" count="0"/>
        <line num="22" type="stmt" count="0"/>
        <line num="24" type="stmt" count="0"/>
        <line num="25" type="stmt" count="0"/>
        <line num="26" type="stmt" count="0"/>
        <line num="27" type="stmt" count="0"/>
        <line num="28" type="stmt" count="0"/>
        <line num="29" type="stmt" count="0"/>
        <line num="31" type="stmt" count="0"/>
        <line num="32" type="stmt" count="0"/>
        <line num="34" type="stmt" count="0"/>
        <line num="35" type="stmt" count="0"/>
        <metrics loc="39" ncloc="39" classes="1" methods="1" coveredmethods="0" conditionals="0" coveredconditionals="0" statements="15" coveredstatements="0" elements="16" coveredelements="0"/>
      </file>
      <file name="/home/stephbug/www/package/moc/authters/src/Application/Http/Middleware/Authorization.php">
        <class name="MerchantOfComplexity\Authters\Application\Http\Middleware\Authorization" namespace="MerchantOfComplexity\Authters\Application\Http\Middleware">
          <metrics complexity="6" methods="3" coveredmethods="0" conditionals="0" coveredconditionals="0" statements="20" coveredstatements="0" elements="23" coveredelements="0"/>
        </class>
        <line num="29" type="method" name="__construct" visibility="public" complexity="1" crap="2.00" count="0"/>
        <line num="30" type="stmt" count="0"/>
        <line num="31" type="stmt" count="0"/>
        <line num="32" type="stmt" count="0"/>
        <line num="33" type="stmt" count="0"/>
        <line num="34" type="stmt" count="0"/>
        <line num="35" type="stmt" count="0"/>
        <line num="36" type="stmt" count="0"/>
        <line num="38" type="method" name="handle" visibility="public" complexity="4" crap="20.00" count="0"/>
        <line num="39" type="stmt" count="0"/>
        <line num="40" type="stmt" count="0"/>
        <line num="41" type="stmt" count="0"/>
        <line num="42" type="stmt" count="0"/>
        <line num="44" type="stmt" count="0"/>
        <line num="46" type="stmt" count="0"/>
        <line num="47" type="stmt" count="0"/>
        <line num="48" type="stmt" count="0"/>
        <line num="50" type="stmt" count="0"/>
        <line num="51" type="stmt" count="0"/>
        <line num="53" type="method" name="mergeAttributes" visibility="public" complexity="1" crap="2.00" count="0"/>
        <line num="54" type="stmt" count="0"/>
        <line num="55" type="stmt" count="0"/>
        <line num="56" type="stmt" count="0"/>
        <metrics loc="56" ncloc="47" classes="1" methods="3" coveredmethods="0" conditionals="0" coveredconditionals="0" statements="20" coveredstatements="0" elements="23" coveredelements="0"/>
      </file>
      <file name="/home/stephbug/www/package/moc/authters/src/Application/Http/Middleware/ContextAuthentication.php">
        <class name="MerchantOfComplexity\Authters\Application\Http\Middleware\ContextAuthentication" namespace="MerchantOfComplexity\Authters\Application\Http\Middleware">
          <metrics complexity="6" methods="4" coveredmethods="0" conditionals="0" coveredconditionals="0" statements="24" coveredstatements="0" elements="28" coveredelements="0"/>
        </class>
        <line num="11" type="stmt" count="0"/>
        <line num="25" type="method" name="__construct" visibility="public" complexity="1" crap="2.00" count="0"/>
        <line num="26" type="stmt" count="0"/>
        <line num="27" type="stmt" count="0"/>
        <line num="28" type="stmt" count="0"/>
        <line num="29" type="stmt" count="0"/>
        <line num="30" type="stmt" count="0"/>
        <line num="32" type="method" name="processAuthentication" visibility="public" complexity="3" crap="12.00" count="0"/>
        <line num="33" type="stmt" count="0"/>
        <line num="34" type="stmt" count="0"/>
        <line num="35" type="stmt" count="0"/>
        <line num="37" type="stmt" count="0"/>
        <line num="38" type="stmt" count="0"/>
        <line num="39" type="stmt" count="0"/>
        <line num="40" type="stmt" count="0"/>
        <line num="41" type="stmt" count="0"/>
        <line num="42" type="stmt" count="0"/>
        <line num="43" type="stmt" count="0"/>
        <line num="45" type="method" name="handleSerializedToken" visibility="protected" complexity="1" crap="2.00" count="0"/>
        <line num="46" type="stmt" count="0"/>
        <line num="47" type="stmt" count="0"/>
        <line num="49" type="stmt" count="0"/>
        <line num="51" type="stmt" count="0"/>
        <line num="52" type="stmt" count="0"/>
        <line num="54" type="method" name="requireAuthentication" visibility="protected" complexity="1" crap="2.00" count="0"/>
        <line num="55" type="stmt" count="0"/>
        <line num="56" type="stmt" count="0"/>
        <line num="58" type="stmt" count="0"/>
        <line num="59" type="stmt" count="0"/>
        <metrics loc="59" ncloc="53" classes="1" methods="4" coveredmethods="0" conditionals="0" coveredconditionals="0" statements="25" coveredstatements="0" elements="29" coveredelements="0"/>
      </file>
      <file name="/home/stephbug/www/package/moc/authters/src/Application/Http/Middleware/ContextEventAware.php">
        <class name="MerchantOfComplexity\Authters\Application\Http\Middleware\ContextEventAware" namespace="MerchantOfComplexity\Authters\Application\Http\Middleware">
          <metrics complexity="9" methods="4" coveredmethods="0" conditionals="0" coveredconditionals="0" statements="27" coveredstatements="0" elements="31" coveredelements="0"/>
        </class>
        <line num="37" type="method" name="__construct" visibility="public" complexity="1" crap="2.00" count="0"/>
        <line num="38" type="stmt" count="0"/>
        <line num="39" type="stmt" count="0"/>
        <line num="40" type="stmt" count="0"/>
        <line num="41" type="stmt" count="0"/>
        <line num="42" type="stmt" count="0"/>
        <line num="44" type="method" name="handle" visibility="public" complexity="1" crap="2.00" count="0"/>
        <line num="45" type="stmt" count="0"/>
        <line num="46" type="stmt" count="0"/>
        <line num="48" type="stmt" count="0"/>
        <line num="50" type="stmt" count="0"/>
        <line num="52" type="stmt" count="0"/>
        <line num="53" type="stmt" count="0"/>
        <line num="55" type="method" name="dumbTerminateResponse" visibility="public" complexity="5" crap="30.00" count="0"/>
        <line num="56" type="stmt" count="0"/>
        <line num="57" type="stmt" count="0"/>
        <line num="58" type="stmt" count="0"/>
        <line num="60" type="stmt" count="0"/>
        <line num="61" type="stmt" count="0"/>
        <line num="62" type="stmt" count="0"/>
        <line num="63" type="stmt" count="0"/>
        <line num="64" type="stmt" count="0"/>
        <line num="65" type="stmt" count="0"/>
        <line num="66" type="stmt" count="0"/>
        <line num="68" type="method" name="onContextEvent" visibility="public" complexity="2" crap="6.00" count="0"/>
        <line num="69" type="stmt" count="0"/>
        <line num="70" type="stmt" count="0"/>
        <line num="71" type="stmt" count="0"/>
        <line num="72" type="stmt" count="0"/>
        <line num="74" type="stmt" count="0"/>
        <line num="75" type="stmt" count="0"/>
        <metrics loc="75" ncloc="63" classes="1" methods="4" coveredmethods="0" conditionals="0" coveredconditionals="0" statements="27" coveredstatements="0" elements="31" coveredelements="0"/>
      </file>
      <file name="/home/stephbug/www/package/moc/authters/src/Application/Http/Middleware/CredentialEnforcerAuthentication.php">
        <class name="MerchantOfComplexity\Authters\Application\Http\Middleware\CredentialEnforcerAuthentication" namespace="MerchantOfComplexity\Authters\Application\Http\Middleware">
          <metrics complexity="21" methods="9" coveredmethods="0" conditionals="0" coveredconditionals="0" statements="70" coveredstatements="0" elements="79" coveredelements="0"/>
        </class>
        <line num="40" type="method" name="__construct" visibility="public" complexity="1" crap="2.00" count="0"/>
        <line num="41" type="stmt" count="0"/>
        <line num="42" type="stmt" count="0"/>
        <line num="43" type="stmt" count="0"/>
        <line num="44" type="stmt" count="0"/>
        <line num="45" type="stmt" count="0"/>
        <line num="46" type="stmt" count="0"/>
        <line num="47" type="stmt" count="0"/>
        <line num="48" type="stmt" count="0"/>
        <line num="49" type="stmt" count="0"/>
        <line num="51" type="method" name="processAuthentication" visibility="protected" complexity="8" crap="72.00" count="0"/>
        <line num="52" type="stmt" count="0"/>
        <line num="53" type="stmt" count="0"/>
        <line num="54" type="stmt" count="0"/>
        <line num="55" type="stmt" count="0"/>
        <line num="57" type="stmt" count="0"/>
        <line num="58" type="stmt" count="0"/>
        <line num="59" type="stmt" count="0"/>
        <line num="60" type="stmt" count="0"/>
        <line num="62" type="stmt" count="0"/>
        <line num="63" type="stmt" count="0"/>
        <line num="64" type="stmt" count="0"/>
        <line num="66" type="stmt" count="0"/>
        <line num="67" type="stmt" count="0"/>
        <line num="68" type="stmt" count="0"/>
        <line num="69" type="stmt" count="0"/>
        <line num="70" type="stmt" count="0"/>
        <line num="72" type="stmt" count="0"/>
        <line num="74" type="stmt" count="0"/>
        <line num="75" type="stmt" count="0"/>
        <line num="77" type="stmt" count="0"/>
        <line num="79" type="stmt" count="0"/>
        <line num="80" type="stmt" count="0"/>
        <line num="81" type="stmt" count="0"/>
        <line num="83" type="stmt" count="0"/>
        <line num="84" type="stmt" count="0"/>
        <line num="86" type="method" name="EnforceAuthenticatedToken" visibility="protected" complexity="1" crap="2.00" count="0"/>
        <line num="87" type="stmt" count="0"/>
        <line num="88" type="stmt" count="0"/>
        <line num="90" type="stmt" count="0"/>
        <line num="92" type="stmt" count="0"/>
        <line num="94" type="stmt" count="0"/>
        <line num="96" type="stmt" count="0"/>
        <line num="97" type="stmt" count="0"/>
        <line num="99" type="method" name="createAuthenticatedLocalToken" visibility="protected" complexity="2" crap="6.00" count="0"/>
        <line num="100" type="stmt" count="0"/>
        <line num="101" type="stmt" count="0"/>
        <line num="102" type="stmt" count="0"/>
        <line num="104" type="stmt" count="0"/>
        <line num="105" type="stmt" count="0"/>
        <line num="106" type="stmt" count="0"/>
        <line num="107" type="stmt" count="0"/>
        <line num="108" type="stmt" count="0"/>
        <line num="110" type="method" name="extractFullyAuthenticatedToken" visibility="protected" complexity="3" crap="12.00" count="0"/>
        <line num="111" type="stmt" count="0"/>
        <line num="113" type="stmt" count="0"/>
        <line num="115" type="stmt" count="0"/>
        <line num="116" type="stmt" count="0"/>
        <line num="118" type="method" name="requireAuthentication" visibility="protected" complexity="3" crap="12.00" count="0"/>
        <line num="119" type="stmt" count="0"/>
        <line num="120" type="stmt" count="0"/>
        <line num="122" type="stmt" count="0"/>
        <line num="123" type="stmt" count="0"/>
        <line num="124" type="stmt" count="0"/>
        <line num="125" type="stmt" count="0"/>
        <line num="126" type="stmt" count="0"/>
        <line num="127" type="stmt" count="0"/>
        <line num="129" type="method" name="forgetRouteIntended" visibility="protected" complexity="1" crap="2.00" count="0"/>
        <line num="130" type="stmt" count="0"/>
        <line num="131" type="stmt" count="0"/>
        <line num="132" type="stmt" count="0"/>
        <line num="134" type="method" name="saveRouteIntended" visibility="protected" complexity="1" crap="2.00" count="0"/>
        <line num="135" type="stmt" count="0"/>
        <line num="136" type="stmt" count="0"/>
        <line num="137" type="stmt" count="0"/>
        <line num="139" type="method" name="getRouteIntended" visibility="protected" complexity="1" crap="2.00" count="0"/>
        <line num="140" type="stmt" count="0"/>
        <line num="141" type="stmt" count="0"/>
        <line num="142" type="stmt" count="0"/>
        <metrics loc="142" ncloc="129" classes="1" methods="9" coveredmethods="0" conditionals="0" coveredconditionals="0" statements="70" coveredstatements="0" elements="79" coveredelements="0"/>
      </file>
      <file name="/home/stephbug/www/package/moc/authters/src/Application/Http/Middleware/HttpBasicAuthentication.php">
        <class name="MerchantOfComplexity\Authters\Application\Http\Middleware\HttpBasicAuthentication" namespace="MerchantOfComplexity\Authters\Application\Http\Middleware">
          <metrics complexity="12" methods="5" coveredmethods="0" conditionals="0" coveredconditionals="0" statements="41" coveredstatements="0" elements="46" coveredelements="0"/>
        </class>
        <line num="33" type="method" name="__construct" visibility="public" complexity="1" crap="2.00" count="0"/>
        <line num="34" type="stmt" count="0"/>
        <line num="35" type="stmt" count="0"/>
        <line num="36" type="stmt" count="0"/>
        <line num="37" type="stmt" count="0"/>
        <line num="39" type="method" name="processAuthentication" visibility="protected" complexity="3" crap="12.00" count="0"/>
        <line num="40" type="stmt" count="0"/>
        <line num="41" type="stmt" count="0"/>
        <line num="42" type="stmt" count="0"/>
        <line num="44" type="stmt" count="0"/>
        <line num="46" type="stmt" count="0"/>
        <line num="48" type="stmt" count="0"/>
        <line num="50" type="stmt" count="0"/>
        <line num="51" type="stmt" count="0"/>
        <line num="52" type="stmt" count="0"/>
        <line num="54" type="stmt" count="0"/>
        <line num="56" type="stmt" count="0"/>
        <line num="57" type="stmt" count="0"/>
        <line num="58" type="stmt" count="0"/>
        <line num="60" type="method" name="createToken" visibility="protected" complexity="1" crap="2.00" count="0"/>
        <line num="61" type="stmt" count="0"/>
        <line num="62" type="stmt" count="0"/>
        <line num="63" type="stmt" count="0"/>
        <line num="64" type="stmt" count="0"/>
        <line num="65" type="stmt" count="0"/>
        <line num="66" type="stmt" count="0"/>
        <line num="67" type="stmt" count="0"/>
        <line num="69" type="method" name="requireAuthentication" visibility="protected" complexity="2" crap="6.00" count="0"/>
        <line num="70" type="stmt" count="0"/>
        <line num="71" type="stmt" count="0"/>
        <line num="72" type="stmt" count="0"/>
        <line num="73" type="stmt" count="0"/>
        <line num="74" type="stmt" count="0"/>
        <line num="75" type="stmt" count="0"/>
        <line num="76" type="stmt" count="0"/>
        <line num="77" type="stmt" count="0"/>
        <line num="78" type="stmt" count="0"/>
        <line num="79" type="stmt" count="0"/>
        <line num="81" type="method" name="isNotAlreadyAuthenticated" visibility="protected" complexity="5" crap="30.00" count="0"/>
        <line num="82" type="stmt" count="0"/>
        <line num="83" type="stmt" count="0"/>
        <line num="84" type="stmt" count="0"/>
        <line num="85" type="stmt" count="0"/>
        <line num="86" type="stmt" count="0"/>
        <line num="87" type="stmt" count="0"/>
        <line num="88" type="stmt" count="0"/>
        <metrics loc="88" ncloc="82" classes="1" methods="5" coveredmethods="0" conditionals="0" coveredconditionals="0" statements="41" coveredstatements="0" elements="46" coveredelements="0"/>
      </file>
      <file name="/home/stephbug/www/package/moc/authters/src/Application/Http/Middleware/LocalAuthentication.php">
        <class name="MerchantOfComplexity\Authters\Application\Http\Middleware\LocalAuthentication" namespace="MerchantOfComplexity\Authters\Application\Http\Middleware">
          <metrics complexity="9" methods="6" coveredmethods="0" conditionals="0" coveredconditionals="0" statements="37" coveredstatements="0" elements="43" coveredelements="0"/>
        </class>
        <line num="42" type="method" name="__construct" visibility="public" complexity="1" crap="2.00" count="0"/>
        <line num="43" type="stmt" count="0"/>
        <line num="44" type="stmt" count="0"/>
        <line num="45" type="stmt" count="0"/>
        <line num="46" type="stmt" count="0"/>
        <line num="47" type="stmt" count="0"/>
        <line num="48" type="stmt" count="0"/>
        <line num="49" type="stmt" count="0"/>
        <line num="51" type="method" name="processAuthentication" visibility="protected" complexity="2" crap="6.00" count="0"/>
        <line num="52" type="stmt" count="0"/>
        <line num="53" type="stmt" count="0"/>
        <line num="55" type="stmt" count="0"/>
        <line num="57" type="stmt" count="0"/>
        <line num="59" type="stmt" count="0"/>
        <line num="60" type="stmt" count="0"/>
        <line num="62" type="method" name="onAuthenticationSuccess" visibility="protected" complexity="2" crap="6.00" count="0"/>
        <line num="63" type="stmt" count="0"/>
        <line num="64" type="stmt" count="0"/>
        <line num="66" type="stmt" count="0"/>
        <line num="68" type="stmt" count="0"/>
        <line num="69" type="stmt" count="0"/>
        <line num="70" type="stmt" count="0"/>
        <line num="72" type="stmt" count="0"/>
        <line num="73" type="stmt" count="0"/>
        <line num="75" type="method" name="createLocalToken" visibility="protected" complexity="1" crap="2.00" count="0"/>
        <line num="76" type="stmt" count="0"/>
        <line num="77" type="stmt" count="0"/>
        <line num="78" type="stmt" count="0"/>
        <line num="79" type="stmt" count="0"/>
        <line num="80" type="stmt" count="0"/>
        <line num="81" type="stmt" count="0"/>
        <line num="82" type="stmt" count="0"/>
        <line num="84" type="method" name="requireAuthentication" visibility="protected" complexity="2" crap="6.00" count="0"/>
        <line num="85" type="stmt" count="0"/>
        <line num="86" type="stmt" count="0"/>
        <line num="88" type="stmt" count="0"/>
        <line num="89" type="stmt" count="0"/>
        <line num="91" type="stmt" count="0"/>
        <line num="92" type="stmt" count="0"/>
        <line num="94" type="method" name="setRecaller" visibility="public" complexity="1" crap="2.00" count="0"/>
        <line num="95" type="stmt" count="0"/>
        <line num="96" type="stmt" count="0"/>
        <line num="97" type="stmt" count="0"/>
        <metrics loc="97" ncloc="83" classes="1" methods="6" coveredmethods="0" conditionals="0" coveredconditionals="0" statements="37" coveredstatements="0" elements="43" coveredelements="0"/>
      </file>
      <file name="/home/stephbug/www/package/moc/authters/src/Application/Http/Middleware/LogoutAuthentication.php">
        <class name="MerchantOfComplexity\Authters\Application\Http\Middleware\LogoutAuthentication" namespace="MerchantOfComplexity\Authters\Application\Http\Middleware">
          <metrics complexity="11" methods="4" coveredmethods="0" conditionals="0" coveredconditionals="0" statements="27" coveredstatements="0" elements="31" coveredelements="0"/>
        </class>
        <line num="25" type="method" name="__construct" visibility="public" complexity="1" crap="2.00" count="0"/>
        <line num="26" type="stmt" count="0"/>
        <line num="27" type="stmt" count="0"/>
        <line num="28" type="stmt" count="0"/>
        <line num="29" type="stmt" count="0"/>
        <line num="30" type="stmt" count="0"/>
        <line num="32" type="method" name="processAuthentication" visibility="protected" complexity="4" crap="20.00" count="0"/>
        <line num="33" type="stmt" count="0"/>
        <line num="34" type="stmt" count="0"/>
        <line num="36" type="stmt" count="0"/>
        <line num="37" type="stmt" count="0"/>
        <line num="38" type="stmt" count="0"/>
        <line num="40" type="stmt" count="0"/>
        <line num="42" type="stmt" count="0"/>
        <line num="43" type="stmt" count="0"/>
        <line num="44" type="stmt" count="0"/>
        <line num="46" type="stmt" count="0"/>
        <line num="48" type="stmt" count="0"/>
        <line num="50" type="stmt" count="0"/>
        <line num="51" type="stmt" count="0"/>
        <line num="57" type="method" name="addHandler" visibility="public" complexity="1" crap="2.00" count="0"/>
        <line num="58" type="stmt" count="0"/>
        <line num="59" type="stmt" count="0"/>
        <line num="60" type="stmt" count="0"/>
        <line num="62" type="method" name="requireAuthentication" visibility="protected" complexity="3" crap="12.00" count="0"/>
        <line num="63" type="stmt" count="0"/>
        <line num="64" type="stmt" count="0"/>
        <line num="66" type="stmt" count="0"/>
        <line num="67" type="stmt" count="0"/>
        <line num="68" type="stmt" count="0"/>
        <line num="69" type="stmt" count="0"/>
        <metrics loc="69" ncloc="63" classes="1" methods="4" coveredmethods="0" conditionals="0" coveredconditionals="0" statements="27" coveredstatements="0" elements="31" coveredelements="0"/>
      </file>
      <file name="/home/stephbug/www/package/moc/authters/src/Application/Http/Middleware/RecallerAuthentication.php">
        <class name="MerchantOfComplexity\Authters\Application\Http\Middleware\RecallerAuthentication" namespace="MerchantOfComplexity\Authters\Application\Http\Middleware">
          <metrics complexity="6" methods="3" coveredmethods="0" conditionals="0" coveredconditionals="0" statements="20" coveredstatements="0" elements="23" coveredelements="0"/>
        </class>
        <line num="21" type="method" name="__construct" visibility="public" complexity="1" crap="2.00" count="0"/>
        <line num="22" type="stmt" count="0"/>
        <line num="23" type="stmt" count="0"/>
        <line num="24" type="stmt" count="0"/>
        <line num="26" type="method" name="processAuthentication" visibility="protected" complexity="4" crap="20.00" count="0"/>
        <line num="27" type="stmt" count="0"/>
        <line num="28" type="stmt" count="0"/>
        <line num="29" type="stmt" count="0"/>
        <line num="30" type="stmt" count="0"/>
        <line num="32" type="stmt" count="0"/>
        <line num="33" type="stmt" count="0"/>
        <line num="35" type="stmt" count="0"/>
        <line num="37" type="stmt" count="0"/>
        <line num="39" type="stmt" count="0"/>
        <line num="40" type="stmt" count="0"/>
        <line num="41" type="stmt" count="0"/>
        <line num="43" type="stmt" count="0"/>
        <line num="44" type="stmt" count="0"/>
        <line num="45" type="stmt" count="0"/>
        <line num="47" type="method" name="requireAuthentication" visibility="protected" complexity="1" crap="2.00" count="0"/>
        <line num="48" type="stmt" count="0"/>
        <line num="49" type="stmt" count="0"/>
        <line num="50" type="stmt" count="0"/>
        <metrics loc="50" ncloc="47" classes="1" methods="3" coveredmethods="0" conditionals="0" coveredconditionals="0" statements="20" coveredstatements="0" elements="23" coveredelements="0"/>
      </file>
      <file name="/home/stephbug/www/package/moc/authters/src/Application/Http/Middleware/SocialAuthentication.php">
        <class name="MerchantOfComplexity\Authters\Application\Http\Middleware\SocialAuthentication" namespace="MerchantOfComplexity\Authters\Application\Http\Middleware">
          <metrics complexity="18" methods="7" coveredmethods="0" conditionals="0" coveredconditionals="0" statements="66" coveredstatements="0" elements="73" coveredelements="0"/>
        </class>
        <line num="18" type="stmt" count="0"/>
        <line num="39" type="method" name="__construct" visibility="public" complexity="1" crap="2.00" count="0"/>
        <line num="40" type="stmt" count="0"/>
        <line num="41" type="stmt" count="0"/>
        <line num="42" type="stmt" count="0"/>
        <line num="43" type="stmt" count="0"/>
        <line num="44" type="stmt" count="0"/>
        <line num="45" type="stmt" count="0"/>
        <line num="46" type="stmt" count="0"/>
        <line num="48" type="method" name="processAuthentication" visibility="protected" complexity="3" crap="12.00" count="0"/>
        <line num="49" type="stmt" count="0"/>
        <line num="50" type="stmt" count="0"/>
        <line num="51" type="stmt" count="0"/>
        <line num="52" type="stmt" count="0"/>
        <line num="54" type="stmt" count="0"/>
        <line num="55" type="stmt" count="0"/>
        <line num="57" type="method" name="handleRedirectRequest" visibility="protected" complexity="4" crap="20.00" count="0"/>
        <line num="58" type="stmt" count="0"/>
        <line num="59" type="stmt" count="0"/>
        <line num="64" type="stmt" count="0"/>
        <line num="66" type="stmt" count="0"/>
        <line num="68" type="stmt" count="0"/>
        <line num="69" type="stmt" count="0"/>
        <line num="70" type="stmt" count="0"/>
        <line num="71" type="stmt" count="0"/>
        <line num="72" type="stmt" count="0"/>
        <line num="74" type="stmt" count="0"/>
        <line num="76" type="stmt" count="0"/>
        <line num="78" type="stmt" count="0"/>
        <line num="80" type="stmt" count="0"/>
        <line num="81" type="stmt" count="0"/>
        <line num="82" type="stmt" count="0"/>
        <line num="83" type="stmt" count="0"/>
        <line num="84" type="stmt" count="0"/>
        <line num="86" type="method" name="handleLoginRequest" visibility="protected" complexity="2" crap="6.00" count="0"/>
        <line num="87" type="stmt" count="0"/>
        <line num="88" type="stmt" count="0"/>
        <line num="89" type="stmt" count="0"/>
        <line num="91" type="stmt" count="0"/>
        <line num="92" type="stmt" count="0"/>
        <line num="93" type="stmt" count="0"/>
        <line num="94" type="stmt" count="0"/>
        <line num="95" type="stmt" count="0"/>
        <line num="97" type="method" name="requireAuthentication" visibility="protected" complexity="2" crap="6.00" count="0"/>
        <line num="98" type="stmt" count="0"/>
        <line num="99" type="stmt" count="0"/>
        <line num="100" type="stmt" count="0"/>
        <line num="101" type="stmt" count="0"/>
        <line num="110" type="method" name="handleAuthenticationFailure" visibility="protected" complexity="2" crap="6.00" count="0"/>
        <line num="111" type="stmt" count="0"/>
        <line num="112" type="stmt" count="0"/>
        <line num="114" type="stmt" count="0"/>
        <line num="116" type="stmt" count="0"/>
        <line num="117" type="stmt" count="0"/>
        <line num="119" type="stmt" count="0"/>
        <line num="120" type="stmt" count="0"/>
        <line num="122" type="stmt" count="0"/>
        <line num="123" type="stmt" count="0"/>
        <line num="125" type="method" name="handleAuthenticationException" visibility="protected" complexity="4" crap="20.00" count="0"/>
        <line num="126" type="stmt" count="0"/>
        <line num="127" type="stmt" count="0"/>
        <line num="128" type="stmt" count="0"/>
        <line num="129" type="stmt" count="0"/>
        <line num="131" type="stmt" count="0"/>
        <line num="132" type="stmt" count="0"/>
        <line num="133" type="stmt" count="0"/>
        <line num="134" type="stmt" count="0"/>
        <line num="135" type="stmt" count="0"/>
        <line num="137" type="stmt" count="0"/>
        <line num="138" type="stmt" count="0"/>
        <line num="140" type="stmt" count="0"/>
        <line num="141" type="stmt" count="0"/>
        <line num="143" type="stmt" count="0"/>
        <line num="144" type="stmt" count="0"/>
        <metrics loc="144" ncloc="119" classes="1" methods="7" coveredmethods="0" conditionals="0" coveredconditionals="0" statements="67" coveredstatements="0" elements="74" coveredelements="0"/>
      </file>
      <file name="/home/stephbug/www/package/moc/authters/src/Application/Http/Middleware/SwitchIdentityAuthentication.php">
        <class name="MerchantOfComplexity\Authters\Application\Http\Middleware\SwitchIdentityAuthentication" namespace="MerchantOfComplexity\Authters\Application\Http\Middleware">
          <metrics complexity="8" methods="4" coveredmethods="0" conditionals="0" coveredconditionals="0" statements="24" coveredstatements="0" elements="28" coveredelements="0"/>
        </class>
        <line num="23" type="method" name="__construct" visibility="public" complexity="1" crap="2.00" count="0"/>
        <line num="24" type="stmt" count="0"/>
        <line num="25" type="stmt" count="0"/>
        <line num="26" type="stmt" count="0"/>
        <line num="27" type="stmt" count="0"/>
        <line num="29" type="method" name="processAuthentication" visibility="protected" complexity="3" crap="12.00" count="0"/>
        <line num="30" type="stmt" count="0"/>
        <line num="31" type="stmt" count="0"/>
        <line num="33" type="stmt" count="0"/>
        <line num="35" type="stmt" count="0"/>
        <line num="36" type="stmt" count="0"/>
        <line num="38" type="method" name="requireAuthentication" visibility="protected" complexity="1" crap="2.00" count="0"/>
        <line num="39" type="stmt" count="0"/>
        <line num="40" type="stmt" count="0"/>
        <line num="41" type="stmt" count="0"/>
        <line num="43" type="method" name="createRedirectResponse" visibility="protected" complexity="3" crap="12.00" count="0"/>
        <line num="44" type="stmt" count="0"/>
        <line num="45" type="stmt" count="0"/>
        <line num="46" type="stmt" count="0"/>
        <line num="48" type="stmt" count="0"/>
        <line num="49" type="stmt" count="0"/>
        <line num="50" type="stmt" count="0"/>
        <line num="52" type="stmt" count="0"/>
        <line num="53" type="stmt" count="0"/>
        <line num="54" type="stmt" count="0"/>
        <line num="56" type="stmt" count="0"/>
        <line num="58" type="stmt" count="0"/>
        <line num="59" type="stmt" count="0"/>
        <metrics loc="59" ncloc="53" classes="1" methods="4" coveredmethods="0" conditionals="0" coveredconditionals="0" statements="24" coveredstatements="0" elements="28" coveredelements="0"/>
      </file>
      <file name="/home/stephbug/www/package/moc/authters/src/Application/Http/Middleware/ThrottleLoginAuthentication.php">
        <class name="MerchantOfComplexity\Authters\Application\Http\Middleware\ThrottleLoginAuthentication" namespace="MerchantOfComplexity\Authters\Application\Http\Middleware">
          <metrics complexity="21" methods="10" coveredmethods="0" conditionals="0" coveredconditionals="0" statements="76" coveredstatements="0" elements="86" coveredelements="0"/>
        </class>
        <line num="67" type="method" name="__construct" visibility="public" complexity="3" crap="12.00" count="0"/>
        <line num="68" type="stmt" count="0"/>
        <line num="69" type="stmt" count="0"/>
        <line num="70" type="stmt" count="0"/>
        <line num="71" type="stmt" count="0"/>
        <line num="72" type="stmt" count="0"/>
        <line num="73" type="stmt" count="0"/>
        <line num="74" type="stmt" count="0"/>
        <line num="75" type="stmt" count="0"/>
        <line num="76" type="stmt" count="0"/>
        <line num="77" type="stmt" count="0"/>
        <line num="78" type="stmt" count="0"/>
        <line num="79" type="stmt" count="0"/>
        <line num="80" type="stmt" count="0"/>
        <line num="81" type="stmt" count="0"/>
        <line num="82" type="stmt" count="0"/>
        <line num="84" type="method" name="authenticate" visibility="public" complexity="7" crap="56.00" count="0"/>
        <line num="85" type="stmt" count="0"/>
        <line num="86" type="stmt" count="0"/>
        <line num="87" type="stmt" count="0"/>
        <line num="88" type="stmt" count="0"/>
        <line num="90" type="stmt" count="0"/>
        <line num="91" type="stmt" count="0"/>
        <line num="93" type="stmt" count="0"/>
        <line num="94" type="stmt" count="0"/>
        <line num="95" type="stmt" count="0"/>
        <line num="97" type="stmt" count="0"/>
        <line num="99" type="stmt" count="0"/>
        <line num="100" type="stmt" count="0"/>
        <line num="101" type="stmt" count="0"/>
        <line num="103" type="stmt" count="0"/>
        <line num="104" type="stmt" count="0"/>
        <line num="106" type="stmt" count="0"/>
        <line num="107" type="stmt" count="0"/>
        <line num="108" type="stmt" count="0"/>
        <line num="109" type="stmt" count="0"/>
        <line num="111" type="stmt" count="0"/>
        <line num="112" type="stmt" count="0"/>
        <line num="114" type="method" name="onLoginFailure" visibility="public" complexity="1" crap="2.00" count="0"/>
        <line num="115" type="stmt" count="0"/>
        <line num="116" type="stmt" count="0"/>
        <line num="117" type="stmt" count="0"/>
        <line num="119" type="method" name="onLoginSuccess" visibility="public" complexity="1" crap="2.00" count="0"/>
        <line num="120" type="stmt" count="0"/>
        <line num="121" type="stmt" count="0"/>
        <line num="122" type="stmt" count="0"/>
        <line num="124" type="method" name="requireAuthentication" visibility="protected" complexity="2" crap="6.00" count="0"/>
        <line num="125" type="stmt" count="0"/>
        <line num="126" type="stmt" count="0"/>
        <line num="127" type="stmt" count="0"/>
        <line num="129" type="method" name="hasTooManyLoginAttempts" visibility="protected" complexity="1" crap="2.00" count="0"/>
        <line num="130" type="stmt" count="0"/>
        <line num="131" type="stmt" count="0"/>
        <line num="132" type="stmt" count="0"/>
        <line num="133" type="stmt" count="0"/>
        <line num="134" type="stmt" count="0"/>
        <line num="136" type="method" name="incrementLoginAttempts" visibility="protected" complexity="1" crap="2.00" count="0"/>
        <line num="137" type="stmt" count="0"/>
        <line num="138" type="stmt" count="0"/>
        <line num="139" type="stmt" count="0"/>
        <line num="140" type="stmt" count="0"/>
        <line num="141" type="stmt" count="0"/>
        <line num="143" type="method" name="sendLockoutResponse" visibility="protected" complexity="1" crap="2.00" count="0"/>
        <line num="144" type="stmt" count="0"/>
        <line num="145" type="stmt" count="0"/>
        <line num="146" type="stmt" count="0"/>
        <line num="147" type="stmt" count="0"/>
        <line num="149" type="stmt" count="0"/>
        <line num="150" type="stmt" count="0"/>
        <line num="152" type="method" name="clearLoginAttempts" visibility="protected" complexity="1" crap="2.00" count="0"/>
        <line num="153" type="stmt" count="0"/>
        <line num="154" type="stmt" count="0"/>
        <line num="155" type="stmt" count="0"/>
        <line num="157" type="method" name="throttleKey" visibility="protected" complexity="3" crap="12.00" count="0"/>
        <line num="158" type="stmt" count="0"/>
        <line num="159" type="stmt" count="0"/>
        <line num="160" type="stmt" count="0"/>
        <line num="162" type="stmt" count="0"/>
        <line num="163" type="stmt" count="0"/>
        <line num="164" type="stmt" count="0"/>
        <line num="165" type="stmt" count="0"/>
        <line num="166" type="stmt" count="0"/>
        <line num="168" type="stmt" count="0"/>
        <line num="169" type="stmt" count="0"/>
        <line num="170" type="stmt" count="0"/>
        <line num="171" type="stmt" count="0"/>
        <metrics loc="171" ncloc="144" classes="1" methods="10" coveredmethods="0" conditionals="0" coveredconditionals="0" statements="76" coveredstatements="0" elements="86" coveredelements="0"/>
      </file>
      <file name="/home/stephbug/www/package/moc/authters/src/Application/Http/Middleware/ThrottleRequestPreAuthentication.php">
        <class name="MerchantOfComplexity\Authters\Application\Http\Middleware\ThrottleRequestPreAuthentication" namespace="MerchantOfComplexity\Authters\Application\Http\Middleware">
          <metrics complexity="24" methods="10" coveredmethods="0" conditionals="0" coveredconditionals="0" statements="78" coveredstatements="0" elements="88" coveredelements="0"/>
        </class>
        <line num="47" type="method" name="__construct" visibility="public" complexity="3" crap="12.00" count="0"/>
        <line num="48" type="stmt" count="0"/>
        <line num="49" type="stmt" count="0"/>
        <line num="50" type="stmt" count="0"/>
        <line num="51" type="stmt" count="0"/>
        <line num="52" type="stmt" count="0"/>
        <line num="53" type="stmt" count="0"/>
        <line num="54" type="stmt" count="0"/>
        <line num="55" type="stmt" count="0"/>
        <line num="56" type="stmt" count="0"/>
        <line num="57" type="stmt" count="0"/>
        <line num="58" type="stmt" count="0"/>
        <line num="60" type="method" name="authenticate" visibility="public" complexity="2" crap="6.00" count="0"/>
        <line num="61" type="stmt" count="0"/>
        <line num="62" type="stmt" count="0"/>
        <line num="64" type="stmt" count="0"/>
        <line num="66" type="stmt" count="0"/>
        <line num="68" type="stmt" count="0"/>
        <line num="69" type="stmt" count="0"/>
        <line num="70" type="stmt" count="0"/>
        <line num="72" type="stmt" count="0"/>
        <line num="74" type="stmt" count="0"/>
        <line num="76" type="stmt" count="0"/>
        <line num="77" type="stmt" count="0"/>
        <line num="79" type="method" name="buildException" visibility="protected" complexity="1" crap="2.00" count="0"/>
        <line num="80" type="stmt" count="0"/>
        <line num="81" type="stmt" count="0"/>
        <line num="83" type="stmt" count="0"/>
        <line num="84" type="stmt" count="0"/>
        <line num="85" type="stmt" count="0"/>
        <line num="86" type="stmt" count="0"/>
        <line num="87" type="stmt" count="0"/>
        <line num="89" type="stmt" count="0"/>
        <line num="90" type="stmt" count="0"/>
        <line num="92" type="method" name="resolveRequestSignature" visibility="protected" complexity="4" crap="20.00" count="0"/>
        <line num="93" type="stmt" count="0"/>
        <line num="94" type="stmt" count="0"/>
        <line num="95" type="stmt" count="0"/>
        <line num="97" type="stmt" count="0"/>
        <line num="99" type="stmt" count="0"/>
        <line num="100" type="stmt" count="0"/>
        <line num="102" type="stmt" count="0"/>
        <line num="104" type="stmt" count="0"/>
        <line num="105" type="stmt" count="0"/>
        <line num="107" type="method" name="resolveMaxAttempts" visibility="protected" complexity="4" crap="20.00" count="0"/>
        <line num="108" type="stmt" count="0"/>
        <line num="109" type="stmt" count="0"/>
        <line num="110" type="stmt" count="0"/>
        <line num="111" type="stmt" count="0"/>
        <line num="113" type="stmt" count="0"/>
        <line num="114" type="stmt" count="0"/>
        <line num="116" type="method" name="addHeaders" visibility="protected" complexity="1" crap="2.00" count="0"/>
        <line num="117" type="stmt" count="0"/>
        <line num="118" type="stmt" count="0"/>
        <line num="119" type="stmt" count="0"/>
        <line num="120" type="stmt" count="0"/>
        <line num="121" type="stmt" count="0"/>
        <line num="123" type="stmt" count="0"/>
        <line num="125" type="stmt" count="0"/>
        <line num="126" type="stmt" count="0"/>
        <line num="128" type="method" name="getHeaders" visibility="protected" complexity="2" crap="6.00" count="0"/>
        <line num="129" type="stmt" count="0"/>
        <line num="130" type="stmt" count="0"/>
        <line num="131" type="stmt" count="0"/>
        <line num="132" type="stmt" count="0"/>
        <line num="133" type="stmt" count="0"/>
        <line num="135" type="stmt" count="0"/>
        <line num="136" type="stmt" count="0"/>
        <line num="137" type="stmt" count="0"/>
        <line num="138" type="stmt" count="0"/>
        <line num="140" type="stmt" count="0"/>
        <line num="141" type="stmt" count="0"/>
        <line num="143" type="method" name="calculateRemainingAttempts" visibility="protected" complexity="2" crap="6.00" count="0"/>
        <line num="144" type="stmt" count="0"/>
        <line num="145" type="stmt" count="0"/>
        <line num="146" type="stmt" count="0"/>
        <line num="148" type="method" name="getTimeUntilNextRetry" visibility="protected" complexity="1" crap="2.00" count="0"/>
        <line num="149" type="stmt" count="0"/>
        <line num="150" type="stmt" count="0"/>
        <line num="151" type="stmt" count="0"/>
        <line num="153" type="method" name="getIdentifierFromToken" visibility="protected" complexity="4" crap="20.00" count="0"/>
        <line num="154" type="stmt" count="0"/>
        <line num="155" type="stmt" count="0"/>
        <line num="157" type="stmt" count="0"/>
        <line num="158" type="stmt" count="0"/>
        <line num="159" type="stmt" count="0"/>
        <line num="161" type="stmt" count="0"/>
        <line num="162" type="stmt" count="0"/>
        <metrics loc="162" ncloc="147" classes="1" methods="10" coveredmethods="0" conditionals="0" coveredconditionals="0" statements="78" coveredstatements="0" elements="88" coveredelements="0"/>
      </file>
    </package>
    <package name="MerchantOfComplexity\Authters\Application\Http\Request">
      <file name="/home/stephbug/www/package/moc/authters/src/Application/Http/Request/EmailPasswordRequest.php">
        <class name="MerchantOfComplexity\Authters\Application\Http\Request\EmailPasswordRequest" namespace="MerchantOfComplexity\Authters\Application\Http\Request">
          <metrics complexity="5" methods="5" coveredmethods="0" conditionals="0" coveredconditionals="0" statements="22" coveredstatements="0" elements="27" coveredelements="0"/>
        </class>
        <line num="29" type="method" name="__construct" visibility="public" complexity="1" crap="2.00" count="0"/>
        <line num="30" type="stmt" count="0"/>
        <line num="31" type="stmt" count="0"/>
        <line num="32" type="stmt" count="0"/>
        <line num="33" type="stmt" count="0"/>
        <line num="34" type="stmt" count="0"/>
        <line num="35" type="stmt" count="0"/>
        <line num="36" type="stmt" count="0"/>
        <line num="38" type="method" name="match" visibility="public" complexity="1" crap="2.00" count="0"/>
        <line num="39" type="stmt" count="0"/>
        <line num="40" type="stmt" count="0"/>
        <line num="41" type="stmt" count="0"/>
        <line num="43" type="method" name="extractCredentials" visibility="public" complexity="1" crap="2.00" count="0"/>
        <line num="44" type="stmt" count="0"/>
        <line num="45" type="stmt" count="0"/>
        <line num="46" type="stmt" count="0"/>
        <line num="47" type="stmt" count="0"/>
        <line num="48" type="stmt" count="0"/>
        <line num="49" type="stmt" count="0"/>
        <line num="51" type="method" name="extractIdentifier" visibility="public" complexity="1" crap="2.00" count="0"/>
        <line num="52" type="stmt" count="0"/>
        <line num="53" type="stmt" count="0"/>
        <line num="54" type="stmt" count="0"/>
        <line num="56" type="method" name="extractPassword" visibility="public" complexity="1" crap="2.00" count="0"/>
        <line num="57" type="stmt" count="0"/>
        <line num="58" type="stmt" count="0"/>
        <line num="59" type="stmt" count="0"/>
        <metrics loc="59" ncloc="50" classes="1" methods="5" coveredmethods="0" conditionals="0" coveredconditionals="0" statements="22" coveredstatements="0" elements="27" coveredelements="0"/>
      </file>
      <file name="/home/stephbug/www/package/moc/authters/src/Application/Http/Request/EnforcerRequest.php">
        <class name="MerchantOfComplexity\Authters\Application\Http\Request\EnforcerRequest" namespace="MerchantOfComplexity\Authters\Application\Http\Request">
          <metrics complexity="5" methods="3" coveredmethods="0" conditionals="0" coveredconditionals="0" statements="15" coveredstatements="0" elements="18" coveredelements="0"/>
        </class>
        <line num="22" type="method" name="__construct" visibility="public" complexity="1" crap="2.00" count="0"/>
        <line num="23" type="stmt" count="0"/>
        <line num="24" type="stmt" count="0"/>
        <line num="25" type="stmt" count="0"/>
        <line num="26" type="stmt" count="0"/>
        <line num="28" type="method" name="match" visibility="public" complexity="3" crap="12.00" count="0"/>
        <line num="29" type="stmt" count="0"/>
        <line num="30" type="stmt" count="0"/>
        <line num="31" type="stmt" count="0"/>
        <line num="32" type="stmt" count="0"/>
        <line num="33" type="stmt" count="0"/>
        <line num="34" type="stmt" count="0"/>
        <line num="36" type="stmt" count="0"/>
        <line num="37" type="stmt" count="0"/>
        <line num="44" type="method" name="extractCredentials" visibility="public" complexity="1" crap="2.00" count="0"/>
        <line num="45" type="stmt" count="0"/>
        <line num="46" type="stmt" count="0"/>
        <line num="47" type="stmt" count="0"/>
        <metrics loc="47" ncloc="36" classes="1" methods="3" coveredmethods="0" conditionals="0" coveredconditionals="0" statements="15" coveredstatements="0" elements="18" coveredelements="0"/>
      </file>
      <file name="/home/stephbug/www/package/moc/authters/src/Application/Http/Request/HttpBasicRequest.php">
        <class name="MerchantOfComplexity\Authters\Application\Http\Request\HttpBasicRequest" namespace="MerchantOfComplexity\Authters\Application\Http\Request">
          <metrics complexity="4" methods="4" coveredmethods="0" conditionals="0" coveredconditionals="0" statements="15" coveredstatements="0" elements="19" coveredelements="0"/>
        </class>
        <line num="14" type="method" name="extractIdentifier" visibility="public" complexity="1" crap="2.00" count="0"/>
        <line num="15" type="stmt" count="0"/>
        <line num="16" type="stmt" count="0"/>
        <line num="17" type="stmt" count="0"/>
        <line num="19" type="method" name="extractPassword" visibility="public" complexity="1" crap="2.00" count="0"/>
        <line num="20" type="stmt" count="0"/>
        <line num="21" type="stmt" count="0"/>
        <line num="22" type="stmt" count="0"/>
        <line num="24" type="method" name="extractCredentials" visibility="public" complexity="1" crap="2.00" count="0"/>
        <line num="25" type="stmt" count="0"/>
        <line num="26" type="stmt" count="0"/>
        <line num="27" type="stmt" count="0"/>
        <line num="28" type="stmt" count="0"/>
        <line num="29" type="stmt" count="0"/>
        <line num="30" type="stmt" count="0"/>
        <line num="32" type="method" name="match" visibility="public" complexity="1" crap="2.00" count="0"/>
        <line num="33" type="stmt" count="0"/>
        <line num="34" type="stmt" count="0"/>
        <line num="35" type="stmt" count="0"/>
        <metrics loc="35" ncloc="35" classes="1" methods="4" coveredmethods="0" conditionals="0" coveredconditionals="0" statements="15" coveredstatements="0" elements="19" coveredelements="0"/>
      </file>
      <file name="/home/stephbug/www/package/moc/authters/src/Application/Http/Request/SocialRequest.php">
        <class name="MerchantOfComplexity\Authters\Application\Http\Request\SocialRequest" namespace="MerchantOfComplexity\Authters\Application\Http\Request">
          <metrics complexity="9" methods="5" coveredmethods="0" conditionals="0" coveredconditionals="0" statements="26" coveredstatements="0" elements="31" coveredelements="0"/>
        </class>
        <line num="23" type="method" name="__construct" visibility="public" complexity="1" crap="2.00" count="0"/>
        <line num="24" type="stmt" count="0"/>
        <line num="25" type="stmt" count="0"/>
        <line num="26" type="stmt" count="0"/>
        <line num="27" type="stmt" count="0"/>
        <line num="29" type="method" name="match" visibility="public" complexity="2" crap="6.00" count="0"/>
        <line num="30" type="stmt" count="0"/>
        <line num="31" type="stmt" count="0"/>
        <line num="32" type="stmt" count="0"/>
        <line num="33" type="stmt" count="0"/>
        <line num="35" type="stmt" count="0"/>
        <line num="36" type="stmt" count="0"/>
        <line num="38" type="method" name="extractCredentials" visibility="public" complexity="2" crap="6.00" count="0"/>
        <line num="39" type="stmt" count="0"/>
        <line num="40" type="stmt" count="0"/>
        <line num="41" type="stmt" count="0"/>
        <line num="43" type="stmt" count="0"/>
        <line num="44" type="stmt" count="0"/>
        <line num="45" type="stmt" count="0"/>
        <line num="46" type="stmt" count="0"/>
        <line num="47" type="stmt" count="0"/>
        <line num="49" type="method" name="isRedirect" visibility="public" complexity="3" crap="12.00" count="0"/>
        <line num="50" type="stmt" count="0"/>
        <line num="51" type="stmt" count="0"/>
        <line num="52" type="stmt" count="0"/>
        <line num="53" type="stmt" count="0"/>
        <line num="54" type="stmt" count="0"/>
        <line num="56" type="method" name="isLogin" visibility="public" complexity="1" crap="2.00" count="0"/>
        <line num="57" type="stmt" count="0"/>
        <line num="58" type="stmt" count="0"/>
        <line num="59" type="stmt" count="0"/>
        <metrics loc="59" ncloc="53" classes="1" methods="5" coveredmethods="0" conditionals="0" coveredconditionals="0" statements="26" coveredstatements="0" elements="31" coveredelements="0"/>
      </file>
      <file name="/home/stephbug/www/package/moc/authters/src/Application/Http/Request/SwitchIdentityRequest.php">
        <class name="MerchantOfComplexity\Authters\Application\Http\Request\SwitchIdentityRequest" namespace="MerchantOfComplexity\Authters\Application\Http\Request">
          <metrics complexity="7" methods="4" coveredmethods="0" conditionals="0" coveredconditionals="0" statements="18" coveredstatements="0" elements="22" coveredelements="0"/>
        </class>
        <line num="13" type="method" name="match" visibility="public" complexity="3" crap="12.00" count="0"/>
        <line num="14" type="stmt" count="0"/>
        <line num="15" type="stmt" count="0"/>
        <line num="16" type="stmt" count="0"/>
        <line num="17" type="stmt" count="0"/>
        <line num="19" type="stmt" count="0"/>
        <line num="20" type="stmt" count="0"/>
        <line num="22" type="method" name="extractCredentials" visibility="public" complexity="2" crap="6.00" count="0"/>
        <line num="23" type="stmt" count="0"/>
        <line num="24" type="stmt" count="0"/>
        <line num="25" type="stmt" count="0"/>
        <line num="26" type="stmt" count="0"/>
        <line num="28" type="stmt" count="0"/>
        <line num="29" type="stmt" count="0"/>
        <line num="31" type="method" name="isExitIdentityRequest" visibility="public" complexity="1" crap="2.00" count="0"/>
        <line num="32" type="stmt" count="0"/>
        <line num="33" type="stmt" count="0"/>
        <line num="34" type="stmt" count="0"/>
        <line num="36" type="method" name="isSwitchIdentityRequest" visibility="public" complexity="1" crap="2.00" count="0"/>
        <line num="37" type="stmt" count="0"/>
        <line num="38" type="stmt" count="0"/>
        <line num="39" type="stmt" count="0"/>
        <metrics loc="39" ncloc="39" classes="1" methods="4" coveredmethods="0" conditionals="0" coveredconditionals="0" statements="18" coveredstatements="0" elements="22" coveredelements="0"/>
      </file>
    </package>
    <package name="MerchantOfComplexity\Authters\Application\Http\Response">
      <file name="/home/stephbug/www/package/moc/authters/src/Application/Http/Response/CredentialEnforcerEntrypoint.php">
        <class name="MerchantOfComplexity\Authters\Application\Http\Response\CredentialEnforcerEntrypoint" namespace="MerchantOfComplexity\Authters\Application\Http\Response">
          <metrics complexity="4" methods="3" coveredmethods="0" conditionals="0" coveredconditionals="0" statements="12" coveredstatements="0" elements="15" coveredelements="0"/>
        </class>
        <line num="23" type="method" name="__construct" visibility="public" complexity="1" crap="2.00" count="0"/>
        <line num="24" type="stmt" count="0"/>
        <line num="25" type="stmt" count="0"/>
        <line num="26" type="stmt" count="0"/>
        <line num="27" type="stmt" count="0"/>
        <line num="29" type="method" name="startAuthentication" visibility="public" complexity="2" crap="6.00" count="0"/>
        <line num="30" type="stmt" count="0"/>
        <line num="31" type="stmt" count="0"/>
        <line num="32" type="stmt" count="0"/>
        <line num="33" type="stmt" count="0"/>
        <line num="34" type="stmt" count="0"/>
        <line num="36" type="method" name="getRouteName" visibility="public" complexity="1" crap="2.00" count="0"/>
        <line num="37" type="stmt" count="0"/>
        <line num="38" type="stmt" count="0"/>
        <line num="39" type="stmt" count="0"/>
        <metrics loc="39" ncloc="33" classes="1" methods="3" coveredmethods="0" conditionals="0" coveredconditionals="0" statements="12" coveredstatements="0" elements="15" coveredelements="0"/>
      </file>
      <file name="/home/stephbug/www/package/moc/authters/src/Application/Http/Response/DefaultJsonEntrypoint.php">
        <class name="MerchantOfComplexity\Authters\Application\Http\Response\DefaultJsonEntrypoint" namespace="MerchantOfComplexity\Authters\Application\Http\Response">
          <metrics complexity="2" methods="2" coveredmethods="0" conditionals="0" coveredconditionals="0" statements="11" coveredstatements="0" elements="13" coveredelements="0"/>
        </class>
        <line num="18" type="method" name="__construct" visibility="public" complexity="1" crap="2.00" count="0"/>
        <line num="19" type="stmt" count="0"/>
        <line num="20" type="stmt" count="0"/>
        <line num="21" type="stmt" count="0"/>
        <line num="23" type="method" name="startAuthentication" visibility="public" complexity="1" crap="2.00" count="0"/>
        <line num="24" type="stmt" count="0"/>
        <line num="25" type="stmt" count="0"/>
        <line num="27" type="stmt" count="0"/>
        <line num="28" type="stmt" count="0"/>
        <line num="29" type="stmt" count="0"/>
        <line num="30" type="stmt" count="0"/>
        <line num="31" type="stmt" count="0"/>
        <line num="32" type="stmt" count="0"/>
        <metrics loc="32" ncloc="29" classes="1" methods="2" coveredmethods="0" conditionals="0" coveredconditionals="0" statements="11" coveredstatements="0" elements="13" coveredelements="0"/>
      </file>
      <file name="/home/stephbug/www/package/moc/authters/src/Application/Http/Response/DefaultLoginEntrypoint.php">
        <class name="MerchantOfComplexity\Authters\Application\Http\Response\DefaultLoginEntrypoint" namespace="MerchantOfComplexity\Authters\Application\Http\Response">
          <metrics complexity="2" methods="2" coveredmethods="0" conditionals="0" coveredconditionals="0" statements="8" coveredstatements="0" elements="10" coveredelements="0"/>
        </class>
        <line num="23" type="method" name="__construct" visibility="public" complexity="1" crap="2.00" count="0"/>
        <line num="24" type="stmt" count="0"/>
        <line num="25" type="stmt" count="0"/>
        <line num="26" type="stmt" count="0"/>
        <line num="27" type="stmt" count="0"/>
        <line num="29" type="method" name="startAuthentication" visibility="public" complexity="1" crap="2.00" count="0"/>
        <line num="30" type="stmt" count="0"/>
        <line num="31" type="stmt" count="0"/>
        <line num="33" type="stmt" count="0"/>
        <line num="34" type="stmt" count="0"/>
        <metrics loc="34" ncloc="28" classes="1" methods="2" coveredmethods="0" conditionals="0" coveredconditionals="0" statements="8" coveredstatements="0" elements="10" coveredelements="0"/>
      </file>
      <file name="/home/stephbug/www/package/moc/authters/src/Application/Http/Response/DefaultUnauthorizedResponse.php">
        <class name="MerchantOfComplexity\Authters\Application\Http\Response\DefaultUnauthorizedResponse" namespace="MerchantOfComplexity\Authters\Application\Http\Response">
          <metrics complexity="2" methods="2" coveredmethods="0" conditionals="0" coveredconditionals="0" statements="9" coveredstatements="0" elements="11" coveredelements="0"/>
        </class>
        <line num="23" type="method" name="__construct" visibility="public" complexity="1" crap="2.00" count="0"/>
        <line num="24" type="stmt" count="0"/>
        <line num="25" type="stmt" count="0"/>
        <line num="26" type="stmt" count="0"/>
        <line num="27" type="stmt" count="0"/>
        <line num="29" type="method" name="onAuthorizationDenied" visibility="public" complexity="1" crap="2.00" count="0"/>
        <line num="30" type="stmt" count="0"/>
        <line num="31" type="stmt" count="0"/>
        <line num="32" type="stmt" count="0"/>
        <line num="33" type="stmt" count="0"/>
        <line num="34" type="stmt" count="0"/>
        <metrics loc="34" ncloc="28" classes="1" methods="2" coveredmethods="0" conditionals="0" coveredconditionals="0" statements="9" coveredstatements="0" elements="11" coveredelements="0"/>
      </file>
      <file name="/home/stephbug/www/package/moc/authters/src/Application/Http/Response/HttpBasicEntrypoint.php">
        <class name="MerchantOfComplexity\Authters\Application\Http\Response\HttpBasicEntrypoint" namespace="MerchantOfComplexity\Authters\Application\Http\Response">
          <metrics complexity="2" methods="2" coveredmethods="0" conditionals="0" coveredconditionals="0" statements="10" coveredstatements="0" elements="12" coveredelements="0"/>
        </class>
        <line num="23" type="method" name="__construct" visibility="public" complexity="1" crap="2.00" count="0"/>
        <line num="24" type="stmt" count="0"/>
        <line num="25" type="stmt" count="0"/>
        <line num="26" type="stmt" count="0"/>
        <line num="27" type="stmt" count="0"/>
        <line num="28" type="stmt" count="0"/>
        <line num="30" type="method" name="startAuthentication" visibility="public" complexity="1" crap="2.00" count="0"/>
        <line num="31" type="stmt" count="0"/>
        <line num="32" type="stmt" count="0"/>
        <line num="34" type="stmt" count="0"/>
        <line num="36" type="stmt" count="0"/>
        <line num="37" type="stmt" count="0"/>
        <metrics loc="37" ncloc="31" classes="1" methods="2" coveredmethods="0" conditionals="0" coveredconditionals="0" statements="10" coveredstatements="0" elements="12" coveredelements="0"/>
      </file>
      <file name="/home/stephbug/www/package/moc/authters/src/Application/Http/Response/SocialProviderEntrypoint.php">
        <class name="MerchantOfComplexity\Authters\Application\Http\Response\SocialProviderEntrypoint" namespace="MerchantOfComplexity\Authters\Application\Http\Response">
          <metrics complexity="2" methods="2" coveredmethods="0" conditionals="0" coveredconditionals="0" statements="8" coveredstatements="0" elements="10" coveredelements="0"/>
        </class>
        <line num="24" type="method" name="__construct" visibility="public" complexity="1" crap="2.00" count="0"/>
        <line num="25" type="stmt" count="0"/>
        <line num="26" type="stmt" count="0"/>
        <line num="27" type="stmt" count="0"/>
        <line num="28" type="stmt" count="0"/>
        <line num="30" type="method" name="startAuthentication" visibility="public" complexity="1" crap="2.00" count="0"/>
        <line num="31" type="stmt" count="0"/>
        <line num="32" type="stmt" count="0"/>
        <line num="34" type="stmt" count="0"/>
        <line num="35" type="stmt" count="0"/>
        <metrics loc="35" ncloc="29" classes="1" methods="2" coveredmethods="0" conditionals="0" coveredconditionals="0" statements="8" coveredstatements="0" elements="10" coveredelements="0"/>
      </file>
      <file name="/home/stephbug/www/package/moc/authters/src/Application/Http/Response/UnauthorizedApiResponse.php">
        <class name="MerchantOfComplexity\Authters\Application\Http\Response\UnauthorizedApiResponse" namespace="MerchantOfComplexity\Authters\Application\Http\Response">
          <metrics complexity="2" methods="2" coveredmethods="0" conditionals="0" coveredconditionals="0" statements="10" coveredstatements="0" elements="12" coveredelements="0"/>
        </class>
        <line num="18" type="method" name="__construct" visibility="public" complexity="1" crap="2.00" count="0"/>
        <line num="19" type="stmt" count="0"/>
        <line num="20" type="stmt" count="0"/>
        <line num="21" type="stmt" count="0"/>
        <line num="23" type="method" name="onAuthorizationDenied" visibility="public" complexity="1" crap="2.00" count="0"/>
        <line num="24" type="stmt" count="0"/>
        <line num="25" type="stmt" count="0"/>
        <line num="26" type="stmt" count="0"/>
        <line num="27" type="stmt" count="0"/>
        <line num="28" type="stmt" count="0"/>
        <line num="29" type="stmt" count="0"/>
        <line num="30" type="stmt" count="0"/>
        <metrics loc="30" ncloc="27" classes="1" methods="2" coveredmethods="0" conditionals="0" coveredconditionals="0" statements="10" coveredstatements="0" elements="12" coveredelements="0"/>
      </file>
    </package>
    <package name="MerchantOfComplexity\Authters\Application\Providers">
      <file name="/home/stephbug/www/package/moc/authters/src/Application/Providers/AuthenticationServiceProvider.php">
        <class name="MerchantOfComplexity\Authters\Application\Providers\AuthenticationServiceProvider" namespace="MerchantOfComplexity\Authters\Application\Providers">
          <metrics complexity="2" methods="2" coveredmethods="0" conditionals="0" coveredconditionals="0" statements="13" coveredstatements="0" elements="15" coveredelements="0"/>
        </class>
        <line num="19" type="method" name="register" visibility="public" complexity="1" crap="2.00" count="0"/>
        <line num="20" type="stmt" count="0"/>
        <line num="21" type="stmt" count="0"/>
        <line num="23" type="stmt" count="0"/>
        <line num="26" type="stmt" count="0"/>
        <line num="27" type="stmt" count="0"/>
        <line num="28" type="stmt" count="0"/>
        <line num="29" type="stmt" count="0"/>
        <line num="30" type="stmt" count="0"/>
        <line num="32" type="stmt" count="0"/>
        <line num="33" type="stmt" count="0"/>
        <line num="35" type="method" name="provides" visibility="public" complexity="1" crap="2.00" count="0"/>
        <line num="36" type="stmt" count="0"/>
        <line num="37" type="stmt" count="0"/>
        <line num="38" type="stmt" count="0"/>
        <metrics loc="38" ncloc="38" classes="1" methods="2" coveredmethods="0" conditionals="0" coveredconditionals="0" statements="13" coveredstatements="0" elements="15" coveredelements="0"/>
      </file>
      <file name="/home/stephbug/www/package/moc/authters/src/Application/Providers/AuthorizationServiceProvider.php">
        <class name="MerchantOfComplexity\Authters\Application\Providers\AuthorizationServiceProvider" namespace="MerchantOfComplexity\Authters\Application\Providers">
          <metrics complexity="12" methods="7" coveredmethods="0" conditionals="0" coveredconditionals="0" statements="50" coveredstatements="0" elements="57" coveredelements="0"/>
        </class>
        <line num="23" type="method" name="boot" visibility="public" complexity="1" crap="2.00" count="0"/>
        <line num="24" type="stmt" count="0"/>
        <line num="34" type="stmt" count="0"/>
        <line num="36" type="method" name="register" visibility="public" complexity="1" crap="2.00" count="0"/>
        <line num="37" type="stmt" count="0"/>
        <line num="38" type="stmt" count="0"/>
        <line num="40" type="stmt" count="0"/>
        <line num="42" type="stmt" count="0"/>
        <line num="44" type="stmt" count="0"/>
        <line num="45" type="stmt" count="0"/>
        <line num="47" type="method" name="registerAuthorizationStrategy" visibility="protected" complexity="1" crap="2.00" count="0"/>
        <line num="48" type="stmt" count="0"/>
        <line num="49" type="stmt" count="0"/>
        <line num="51" type="stmt" count="0"/>
        <line num="52" type="stmt" count="0"/>
        <line num="53" type="stmt" count="0"/>
        <line num="55" type="stmt" count="0"/>
        <line num="56" type="stmt" count="0"/>
        <line num="57" type="stmt" count="0"/>
        <line num="59" type="method" name="registerAuthorizationChecker" visibility="protected" complexity="2" crap="6.00" count="0"/>
        <line num="60" type="stmt" count="0"/>
        <line num="61" type="stmt" count="0"/>
        <line num="63" type="stmt" count="0"/>
        <line num="64" type="stmt" count="0"/>
        <line num="65" type="stmt" count="0"/>
        <line num="66" type="stmt" count="0"/>
        <line num="67" type="stmt" count="0"/>
        <line num="68" type="stmt" count="0"/>
        <line num="69" type="stmt" count="0"/>
        <line num="71" type="stmt" count="0"/>
        <line num="73" type="stmt" count="0"/>
        <line num="74" type="stmt" count="0"/>
        <line num="75" type="stmt" count="0"/>
        <line num="76" type="stmt" count="0"/>
        <line num="77" type="stmt" count="0"/>
        <line num="79" type="method" name="registerRoleHierarchy" visibility="protected" complexity="3" crap="12.00" count="0"/>
        <line num="80" type="stmt" count="0"/>
        <line num="81" type="stmt" count="0"/>
        <line num="83" type="stmt" count="0"/>
        <line num="84" type="stmt" count="0"/>
        <line num="85" type="stmt" count="0"/>
        <line num="86" type="stmt" count="0"/>
        <line num="88" type="method" name="collectVoters" visibility="protected" complexity="3" crap="12.00" count="0"/>
        <line num="89" type="stmt" count="0"/>
        <line num="90" type="stmt" count="0"/>
        <line num="91" type="stmt" count="0"/>
        <line num="92" type="stmt" count="0"/>
        <line num="94" type="stmt" count="0"/>
        <line num="95" type="stmt" count="0"/>
        <line num="97" type="stmt" count="0"/>
        <line num="98" type="stmt" count="0"/>
        <line num="100" type="stmt" count="0"/>
        <line num="101" type="stmt" count="0"/>
        <line num="103" type="method" name="provides" visibility="public" complexity="1" crap="2.00" count="0"/>
        <line num="104" type="stmt" count="0"/>
        <line num="105" type="stmt" count="0"/>
        <line num="106" type="stmt" count="0"/>
        <metrics loc="106" ncloc="96" classes="1" methods="7" coveredmethods="0" conditionals="0" coveredconditionals="0" statements="50" coveredstatements="0" elements="57" coveredelements="0"/>
      </file>
      <file name="/home/stephbug/www/package/moc/authters/src/Application/Providers/AuthtersServiceProvider.php">
        <class name="MerchantOfComplexity\Authters\Application\Providers\AuthtersServiceProvider" namespace="MerchantOfComplexity\Authters\Application\Providers">
          <metrics complexity="0" methods="0" coveredmethods="0" conditionals="0" coveredconditionals="0" statements="0" coveredstatements="0" elements="0" coveredelements="0"/>
        </class>
        <metrics loc="17" ncloc="14" classes="0" methods="0" coveredmethods="0" conditionals="0" coveredconditionals="0" statements="0" coveredstatements="0" elements="0" coveredelements="0"/>
      </file>
      <file name="/home/stephbug/www/package/moc/authters/src/Application/Providers/ConfigServiceProvider.php">
        <class name="MerchantOfComplexity\Authters\Application\Providers\ConfigServiceProvider" namespace="MerchantOfComplexity\Authters\Application\Providers">
          <metrics complexity="4" methods="3" coveredmethods="0" conditionals="0" coveredconditionals="0" statements="14" coveredstatements="0" elements="17" coveredelements="0"/>
        </class>
        <line num="9" type="method" name="boot" visibility="public" complexity="2" crap="6.00" count="0"/>
        <line num="10" type="stmt" count="0"/>
        <line num="11" type="stmt" count="0"/>
        <line num="12" type="stmt" count="0"/>
        <line num="13" type="stmt" count="0"/>
        <line num="14" type="stmt" count="0"/>
        <line num="15" type="stmt" count="0"/>
        <line num="16" type="stmt" count="0"/>
        <line num="17" type="stmt" count="0"/>
        <line num="19" type="method" name="mergeConfig" visibility="protected" complexity="1" crap="2.00" count="0"/>
        <line num="20" type="stmt" count="0"/>
        <line num="21" type="stmt" count="0"/>
        <line num="22" type="stmt" count="0"/>
        <line num="24" type="method" name="getConfigPath" visibility="protected" complexity="1" crap="2.00" count="0"/>
        <line num="25" type="stmt" count="0"/>
        <line num="26" type="stmt" count="0"/>
        <line num="27" type="stmt" count="0"/>
        <metrics loc="27" ncloc="27" classes="1" methods="3" coveredmethods="0" conditionals="0" coveredconditionals="0" statements="14" coveredstatements="0" elements="17" coveredelements="0"/>
      </file>
      <file name="/home/stephbug/www/package/moc/authters/src/Application/Providers/DirectiveServiceProvider.php">
        <class name="MerchantOfComplexity\Authters\Application\Providers\DirectiveServiceProvider" namespace="MerchantOfComplexity\Authters\Application\Providers">
          <metrics complexity="9" methods="1" coveredmethods="0" conditionals="0" coveredconditionals="0" statements="18" coveredstatements="0" elements="19" coveredelements="0"/>
        </class>
        <line num="13" type="method" name="boot" visibility="public" complexity="9" crap="90.00" count="0"/>
        <line num="14" type="stmt" count="0"/>
        <line num="16" type="stmt" count="0"/>
        <line num="17" type="stmt" count="0"/>
        <line num="20" type="stmt" count="0"/>
        <line num="21" type="stmt" count="0"/>
        <line num="24" type="stmt" count="0"/>
        <line num="25" type="stmt" count="0"/>
        <line num="28" type="stmt" count="0"/>
        <line num="29" type="stmt" count="0"/>
        <line num="30" type="stmt" count="0"/>
        <line num="33" type="stmt" count="0"/>
        <line num="34" type="stmt" count="0"/>
        <line num="35" type="stmt" count="0"/>
        <line num="37" type="stmt" count="0"/>
        <line num="38" type="stmt" count="0"/>
        <line num="41" type="stmt" count="0"/>
        <line num="42" type="stmt" count="0"/>
        <line num="43" type="stmt" count="0"/>
        <metrics loc="43" ncloc="43" classes="1" methods="1" coveredmethods="0" conditionals="0" coveredconditionals="0" statements="18" coveredstatements="0" elements="19" coveredelements="0"/>
      </file>
      <file name="/home/stephbug/www/package/moc/authters/src/Application/Providers/ManagerServiceProvider.php">
        <class name="MerchantOfComplexity\Authters\Application\Providers\ManagerServiceProvider" namespace="MerchantOfComplexity\Authters\Application\Providers">
          <metrics complexity="6" methods="1" coveredmethods="0" conditionals="0" coveredconditionals="0" statements="14" coveredstatements="0" elements="15" coveredelements="0"/>
        </class>
        <line num="26" type="method" name="boot" visibility="public" complexity="6" crap="42.00" count="0"/>
        <line num="27" type="stmt" count="0"/>
        <line num="28" type="stmt" count="0"/>
        <line num="29" type="stmt" count="0"/>
        <line num="30" type="stmt" count="0"/>
        <line num="31" type="stmt" count="0"/>
        <line num="32" type="stmt" count="0"/>
        <line num="33" type="stmt" count="0"/>
        <line num="34" type="stmt" count="0"/>
        <line num="36" type="stmt" count="0"/>
        <line num="37" type="stmt" count="0"/>
        <line num="38" type="stmt" count="0"/>
        <line num="39" type="stmt" count="0"/>
        <line num="40" type="stmt" count="0"/>
        <line num="41" type="stmt" count="0"/>
[...]
        <line num="26" type="stmt" count="0"/>
        <line num="27" type="stmt" count="0"/>
        <line num="28" type="stmt" count="0"/>
        <line num="30" type="method" name="checkCredentials" visibility="public" complexity="6" crap="42.00" count="0"/>
        <line num="31" type="stmt" count="0"/>
        <line num="32" type="stmt" count="0"/>
        <line num="33" type="stmt" count="0"/>
        <line num="34" type="stmt" count="0"/>
        <line num="36" type="stmt" count="0"/>
        <line num="37" type="stmt" count="0"/>
        <line num="38" type="stmt" count="0"/>
        <line num="40" type="stmt" count="0"/>
        <line num="41" type="stmt" count="0"/>
        <line num="43" type="stmt" count="0"/>
        <line num="44" type="stmt" count="0"/>
        <line num="45" type="stmt" count="0"/>
        <line num="46" type="stmt" count="0"/>
        <line num="48" type="stmt" count="0"/>
        <line num="49" type="stmt" count="0"/>
        <line num="50" type="stmt" count="0"/>
        <line num="51" type="stmt" count="0"/>
        <line num="52" type="stmt" count="0"/>
        <line num="53" type="stmt" count="0"/>
        <line num="54" type="stmt" count="0"/>
        <line num="56" type="method" name="validatePassword" visibility="protected" complexity="5" crap="30.00" count="0"/>
        <line num="57" type="stmt" count="0"/>
        <line num="58" type="stmt" count="0"/>
        <line num="59" type="stmt" count="0"/>
        <line num="60" type="stmt" count="0"/>
        <line num="62" type="stmt" count="0"/>
        <line num="63" type="stmt" count="0"/>
        <line num="64" type="stmt" count="0"/>
        <line num="66" type="stmt" count="0"/>
        <line num="67" type="stmt" count="0"/>
        <line num="68" type="stmt" count="0"/>
        <line num="70" type="stmt" count="0"/>
        <line num="71" type="stmt" count="0"/>
        <line num="72" type="stmt" count="0"/>
        <line num="73" type="stmt" count="0"/>
        <metrics loc="73" ncloc="70" classes="1" methods="3" coveredmethods="0" conditionals="0" coveredconditionals="0" statements="37" coveredstatements="0" elements="40" coveredelements="0"/>
      </file>
    </package>
    <package name="MerchantOfComplexity\Authters\Support\Value\Credentials">
      <file name="/home/stephbug/www/package/moc/authters/src/Support/Value/Credentials/BcryptEncodedPassword.php">
        <class name="MerchantOfComplexity\Authters\Support\Value\Credentials\BcryptEncodedPassword" namespace="MerchantOfComplexity\Authters\Support\Value\Credentials">
          <metrics complexity="7" methods="6" coveredmethods="0" conditionals="0" coveredconditionals="0" statements="22" coveredstatements="0" elements="28" coveredelements="0"/>
        </class>
        <line num="18" type="method" name="__construct" visibility="protected" complexity="1" crap="2.00" count="0"/>
        <line num="19" type="stmt" count="0"/>
        <line num="20" type="stmt" count="0"/>
        <line num="21" type="stmt" count="0"/>
        <line num="23" type="method" name="fromClearConfirmedPassword" visibility="public" complexity="1" crap="2.00" count="0"/>
        <line num="24" type="stmt" count="0"/>
        <line num="25" type="stmt" count="0"/>
        <line num="27" type="stmt" count="0"/>
        <line num="28" type="stmt" count="0"/>
        <line num="30" type="method" name="verify" visibility="public" complexity="1" crap="2.00" count="0"/>
        <line num="31" type="stmt" count="0"/>
        <line num="32" type="stmt" count="0"/>
        <line num="33" type="stmt" count="0"/>
        <line num="35" type="method" name="fromString" visibility="public" complexity="1" crap="2.00" count="0"/>
        <line num="36" type="stmt" count="0"/>
        <line num="37" type="stmt" count="0"/>
        <line num="39" type="stmt" count="0"/>
        <line num="41" type="stmt" count="0"/>
        <line num="43" type="stmt" count="0"/>
        <line num="44" type="stmt" count="0"/>
        <line num="46" type="method" name="getValue" visibility="public" complexity="1" crap="2.00" count="0"/>
        <line num="47" type="stmt" count="0"/>
        <line num="48" type="stmt" count="0"/>
        <line num="49" type="stmt" count="0"/>
        <line num="51" type="method" name="sameValueAs" visibility="public" complexity="2" crap="6.00" count="0"/>
        <line num="52" type="stmt" count="0"/>
        <line num="53" type="stmt" count="0"/>
        <line num="54" type="stmt" count="0"/>
        <metrics loc="54" ncloc="51" classes="1" methods="6" coveredmethods="0" conditionals="0" coveredconditionals="0" statements="22" coveredstatements="0" elements="28" coveredelements="0"/>
      </file>
      <file name="/home/stephbug/www/package/moc/authters/src/Support/Value/Credentials/ClearConfirmedPassword.php">
        <class name="MerchantOfComplexity\Authters\Support\Value\Credentials\ClearConfirmedPassword" namespace="MerchantOfComplexity\Authters\Support\Value\Credentials">
          <metrics complexity="3" methods="2" coveredmethods="0" conditionals="0" coveredconditionals="0" statements="7" coveredstatements="0" elements="9" coveredelements="0"/>
        </class>
        <line num="10" type="method" name="__construct" visibility="public" complexity="1" crap="2.00" count="0"/>
        <line num="11" type="stmt" count="0"/>
        <line num="12" type="stmt" count="0"/>
        <line num="14" type="stmt" count="0"/>
        <line num="15" type="stmt" count="0"/>
        <line num="17" type="method" name="sameValueAs" visibility="public" complexity="2" crap="6.00" count="0"/>
        <line num="18" type="stmt" count="0"/>
        <line num="19" type="stmt" count="0"/>
        <line num="20" type="stmt" count="0"/>
        <metrics loc="20" ncloc="20" classes="1" methods="2" coveredmethods="0" conditionals="0" coveredconditionals="0" statements="7" coveredstatements="0" elements="9" coveredelements="0"/>
      </file>
      <file name="/home/stephbug/www/package/moc/authters/src/Support/Value/Credentials/ClearPassword.php">
        <class name="MerchantOfComplexity\Authters\Support\Value\Credentials\ClearPassword" namespace="MerchantOfComplexity\Authters\Support\Value\Credentials">
          <metrics complexity="4" methods="3" coveredmethods="0" conditionals="0" coveredconditionals="0" statements="13" coveredstatements="0" elements="16" coveredelements="0"/>
        </class>
        <line num="19" type="method" name="__construct" visibility="public" complexity="1" crap="2.00" count="0"/>
        <line num="20" type="stmt" count="0"/>
        <line num="21" type="stmt" count="0"/>
        <line num="22" type="stmt" count="0"/>
        <line num="23" type="stmt" count="0"/>
        <line num="25" type="stmt" count="0"/>
        <line num="26" type="stmt" count="0"/>
        <line num="28" type="method" name="sameValueAs" visibility="public" complexity="2" crap="6.00" count="0"/>
        <line num="29" type="stmt" count="0"/>
        <line num="31" type="stmt" count="0"/>
        <line num="32" type="stmt" count="0"/>
        <line num="33" type="stmt" count="0"/>
        <line num="35" type="method" name="getValue" visibility="public" complexity="1" crap="2.00" count="0"/>
        <line num="36" type="stmt" count="0"/>
        <line num="37" type="stmt" count="0"/>
        <line num="38" type="stmt" count="0"/>
        <metrics loc="38" ncloc="34" classes="1" methods="3" coveredmethods="0" conditionals="0" coveredconditionals="0" statements="13" coveredstatements="0" elements="16" coveredelements="0"/>
      </file>
      <file name="/home/stephbug/www/package/moc/authters/src/Support/Value/Credentials/EmptyCredentials.php">
        <class name="MerchantOfComplexity\Authters\Support\Value\Credentials\EmptyCredentials" namespace="MerchantOfComplexity\Authters\Support\Value\Credentials">
          <metrics complexity="3" methods="2" coveredmethods="0" conditionals="0" coveredconditionals="0" statements="6" coveredstatements="0" elements="8" coveredelements="0"/>
        </class>
        <line num="11" type="method" name="getValue" visibility="public" complexity="1" crap="2.00" count="0"/>
        <line num="12" type="stmt" count="0"/>
        <line num="13" type="stmt" count="0"/>
        <line num="14" type="stmt" count="0"/>
        <line num="16" type="method" name="sameValueAs" visibility="public" complexity="2" crap="6.00" count="0"/>
        <line num="17" type="stmt" count="0"/>
        <line num="18" type="stmt" count="0"/>
        <line num="19" type="stmt" count="0"/>
        <metrics loc="19" ncloc="19" classes="1" methods="2" coveredmethods="0" conditionals="0" coveredconditionals="0" statements="6" coveredstatements="0" elements="8" coveredelements="0"/>
      </file>
    </package>
    <package name="MerchantOfComplexity\Authters\Support\Value\Identifier">
      <file name="/home/stephbug/www/package/moc/authters/src/Support/Value/Identifier/AnonymousIdentifier.php">
        <class name="MerchantOfComplexity\Authters\Support\Value\Identifier\AnonymousIdentifier" namespace="MerchantOfComplexity\Authters\Support\Value\Identifier">
          <metrics complexity="5" methods="4" coveredmethods="0" conditionals="0" coveredconditionals="0" statements="12" coveredstatements="0" elements="16" coveredelements="0"/>
        </class>
        <line num="10" type="method" name="sameValueAs" visibility="public" complexity="2" crap="6.00" count="0"/>
        <line num="11" type="stmt" count="0"/>
        <line num="12" type="stmt" count="0"/>
        <line num="13" type="stmt" count="0"/>
        <line num="15" type="method" name="getValue" visibility="public" complexity="1" crap="2.00" count="0"/>
        <line num="16" type="stmt" count="0"/>
        <line num="17" type="stmt" count="0"/>
        <line num="18" type="stmt" count="0"/>
        <line num="20" type="method" name="identify" visibility="public" complexity="1" crap="2.00" count="0"/>
        <line num="21" type="stmt" count="0"/>
        <line num="22" type="stmt" count="0"/>
        <line num="23" type="stmt" count="0"/>
        <line num="25" type="method" name="__toString" visibility="public" complexity="1" crap="2.00" count="0"/>
        <line num="26" type="stmt" count="0"/>
        <line num="27" type="stmt" count="0"/>
        <line num="28" type="stmt" count="0"/>
        <metrics loc="28" ncloc="28" classes="1" methods="4" coveredmethods="0" conditionals="0" coveredconditionals="0" statements="12" coveredstatements="0" elements="16" coveredelements="0"/>
      </file>
      <file name="/home/stephbug/www/package/moc/authters/src/Support/Value/Identifier/EmailIdentity.php">
        <class name="MerchantOfComplexity\Authters\Support\Value\Identifier\EmailIdentity" namespace="MerchantOfComplexity\Authters\Support\Value\Identifier">
          <metrics complexity="9" methods="7" coveredmethods="0" conditionals="0" coveredconditionals="0" statements="26" coveredstatements="0" elements="33" coveredelements="0"/>
        </class>
        <line num="16" type="method" name="__construct" visibility="protected" complexity="1" crap="2.00" count="0"/>
        <line num="17" type="stmt" count="0"/>
        <line num="18" type="stmt" count="0"/>
        <line num="19" type="stmt" count="0"/>
        <line num="21" type="method" name="fromString" visibility="public" complexity="1" crap="2.00" count="0"/>
        <line num="22" type="stmt" count="0"/>
        <line num="23" type="stmt" count="0"/>
        <line num="25" type="stmt" count="0"/>
        <line num="26" type="stmt" count="0"/>
        <line num="28" type="method" name="fromValue" visibility="public" complexity="2" crap="6.00" count="0"/>
        <line num="29" type="stmt" count="0"/>
        <line num="30" type="stmt" count="0"/>
        <line num="31" type="stmt" count="0"/>
        <line num="33" type="stmt" count="0"/>
        <line num="34" type="stmt" count="0"/>
        <line num="36" type="stmt" count="0"/>
        <line num="37" type="stmt" count="0"/>
        <line num="39" type="method" name="getValue" visibility="public" complexity="1" crap="2.00" count="0"/>
        <line num="40" type="stmt" count="0"/>
        <line num="41" type="stmt" count="0"/>
        <line num="42" type="stmt" count="0"/>
        <line num="44" type="method" name="identify" visibility="public" complexity="1" crap="2.00" count="0"/>
        <line num="45" type="stmt" count="0"/>
        <line num="46" type="stmt" count="0"/>
        <line num="47" type="stmt" count="0"/>
        <line num="49" type="method" name="sameValueAs" visibility="public" complexity="2" crap="6.00" count="0"/>
        <line num="50" type="stmt" count="0"/>
        <line num="51" type="stmt" count="0"/>
        <line num="52" type="stmt" count="0"/>
        <line num="54" type="method" name="__toString" visibility="public" complexity="1" crap="2.00" count="0"/>
        <line num="55" type="stmt" count="0"/>
        <line num="56" type="stmt" count="0"/>
        <line num="57" type="stmt" count="0"/>
        <metrics loc="57" ncloc="54" classes="1" methods="7" coveredmethods="0" conditionals="0" coveredconditionals="0" statements="26" coveredstatements="0" elements="33" coveredelements="0"/>
      </file>
      <file name="/home/stephbug/www/package/moc/authters/src/Support/Value/Identifier/EmailValue.php">
        <class name="MerchantOfComplexity\Authters\Support\Value\Identifier\EmailValue" namespace="MerchantOfComplexity\Authters\Support\Value\Identifier">
          <metrics complexity="6" methods="5" coveredmethods="0" conditionals="0" coveredconditionals="0" statements="18" coveredstatements="0" elements="23" coveredelements="0"/>
        </class>
        <line num="16" type="method" name="__construct" visibility="protected" complexity="1" crap="2.00" count="0"/>
        <line num="17" type="stmt" count="0"/>
        <line num="18" type="stmt" count="0"/>
        <line num="19" type="stmt" count="0"/>
        <line num="21" type="method" name="fromString" visibility="public" complexity="1" crap="2.00" count="0"/>
        <line num="22" type="stmt" count="0"/>
        <line num="23" type="stmt" count="0"/>
        <line num="25" type="stmt" count="0"/>
        <line num="26" type="stmt" count="0"/>
        <line num="28" type="stmt" count="0"/>
        <line num="29" type="stmt" count="0"/>
        <line num="31" type="method" name="sameValueAs" visibility="public" complexity="2" crap="6.00" count="0"/>
        <line num="32" type="stmt" count="0"/>
        <line num="33" type="stmt" count="0"/>
        <line num="34" type="stmt" count="0"/>
        <line num="36" type="method" name="getValue" visibility="public" complexity="1" crap="2.00" count="0"/>
        <line num="37" type="stmt" count="0"/>
        <line num="38" type="stmt" count="0"/>
        <line num="39" type="stmt" count="0"/>
        <line num="41" type="method" name="__toString" visibility="public" complexity="1" crap="2.00" count="0"/>
        <line num="42" type="stmt" count="0"/>
        <line num="43" type="stmt" count="0"/>
        <line num="44" type="stmt" count="0"/>
        <metrics loc="44" ncloc="41" classes="1" methods="5" coveredmethods="0" conditionals="0" coveredconditionals="0" statements="18" coveredstatements="0" elements="23" coveredelements="0"/>
      </file>
      <file name="/home/stephbug/www/package/moc/authters/src/Support/Value/Identifier/IdentifierFactory.php">
        <class name="MerchantOfComplexity\Authters\Support\Value\Identifier\IdentifierFactory" namespace="MerchantOfComplexity\Authters\Support\Value\Identifier">
          <metrics complexity="6" methods="6" coveredmethods="0" conditionals="0" coveredconditionals="0" statements="18" coveredstatements="0" elements="24" coveredelements="0"/>
        </class>
        <line num="15" type="method" name="nextIdentity" visibility="public" complexity="1" crap="2.00" count="0"/>
        <line num="16" type="stmt" count="0"/>
        <line num="17" type="stmt" count="0"/>
        <line num="18" type="stmt" count="0"/>
        <line num="20" type="method" name="fromString" visibility="public" complexity="1" crap="2.00" count="0"/>
        <line num="21" type="stmt" count="0"/>
        <line num="22" type="stmt" count="0"/>
        <line num="23" type="stmt" count="0"/>
        <line num="25" type="method" name="__construct" visibility="private" complexity="1" crap="2.00" count="0"/>
        <line num="26" type="stmt" count="0"/>
        <line num="27" type="stmt" count="0"/>
        <line num="28" type="stmt" count="0"/>
        <line num="30" type="method" name="getUniqueId" visibility="public" complexity="1" crap="2.00" count="0"/>
        <line num="31" type="stmt" count="0"/>
        <line num="32" type="stmt" count="0"/>
        <line num="33" type="stmt" count="0"/>
        <line num="35" type="method" name="toString" visibility="public" complexity="1" crap="2.00" count="0"/>
        <line num="36" type="stmt" count="0"/>
        <line num="37" type="stmt" count="0"/>
        <line num="38" type="stmt" count="0"/>
        <line num="40" type="method" name="__toString" visibility="public" complexity="1" crap="2.00" count="0"/>
        <line num="41" type="stmt" count="0"/>
        <line num="42" type="stmt" count="0"/>
        <line num="43" type="stmt" count="0"/>
        <metrics loc="43" ncloc="40" classes="1" methods="6" coveredmethods="0" conditionals="0" coveredconditionals="0" statements="18" coveredstatements="0" elements="24" coveredelements="0"/>
      </file>
      <file name="/home/stephbug/www/package/moc/authters/src/Support/Value/Identifier/NullIdentifier.php">
        <class name="MerchantOfComplexity\Authters\Support\Value\Identifier\NullIdentifier" namespace="MerchantOfComplexity\Authters\Support\Value\Identifier">
          <metrics complexity="3" methods="3" coveredmethods="0" conditionals="0" coveredconditionals="0" statements="9" coveredstatements="0" elements="12" coveredelements="0"/>
        </class>
        <line num="8" type="stmt" count="0"/>
        <line num="15" type="method" name="getValue" visibility="public" complexity="1" crap="2.00" count="0"/>
        <line num="16" type="stmt" count="0"/>
        <line num="17" type="stmt" count="0"/>
        <line num="18" type="stmt" count="0"/>
        <line num="23" type="method" name="identify" visibility="public" complexity="1" crap="2.00" count="0"/>
        <line num="24" type="stmt" count="0"/>
        <line num="25" type="stmt" count="0"/>
        <line num="26" type="stmt" count="0"/>
        <line num="28" type="method" name="sameValueAs" visibility="public" complexity="1" crap="2.00" count="0"/>
        <line num="29" type="stmt" count="0"/>
        <line num="30" type="stmt" count="0"/>
        <line num="31" type="stmt" count="0"/>
        <metrics loc="31" ncloc="25" classes="1" methods="3" coveredmethods="0" conditionals="0" coveredconditionals="0" statements="10" coveredstatements="0" elements="13" coveredelements="0"/>
      </file>
    </package>
    <file name="/home/stephbug/www/package/moc/authters/src/Support/helpers.php">
      <line num="14" type="stmt" count="0"/>
      <line num="24" type="stmt" count="0"/>
      <line num="26" type="stmt" count="0"/>
      <line num="27" type="stmt" count="0"/>
      <line num="30" type="stmt" count="0"/>
      <line num="42" type="stmt" count="0"/>
      <line num="54" type="stmt" count="0"/>
      <metrics loc="56" ncloc="40" classes="0" methods="0" coveredmethods="0" conditionals="0" coveredconditionals="0" statements="7" coveredstatements="0" elements="7" coveredelements="0"/>
    </file>
    <metrics files="231" loc="9411" ncloc="8492" classes="159" methods="663" coveredmethods="0" conditionals="0" coveredconditionals="0" statements="3511" coveredstatements="0" elements="4174" coveredelements="0"/>
  </project>
</coverage>
