<?xml version="1.0" encoding="UTF-8"?>
<testsuites>
  <testsuite name="Merchant Of Complexity Authters Test Suite" tests="31" assertions="48" errors="0" failures="1" skipped="0" time="0.873151">
    <testsuite name="MerchantOfComplexityTest\Authters\Unit\Application\HasAuthorizationTest" file="/home/stephbug/www/package/moc/authters/tests/Unit/Application/HasAuthorizationTest.php" tests="7" assertions="8" errors="0" failures="0" skipped="0" time="0.479656">
      <testcase name="it_check_if_granted" class="MerchantOfComplexityTest\Authters\Unit\Application\HasAuthorizationTest" classname="MerchantOfComplexityTest.Authters.Unit.Application.HasAuthorizationTest" file="/home/stephbug/www/package/moc/authters/tests/Unit/Application/HasAuthorizationTest.php" line="20" assertions="1" time="0.093988"/>
      <testcase name="it_raise_exception_if_authorization_is_required" class="MerchantOfComplexityTest\Authters\Unit\Application\HasAuthorizationTest" classname="MerchantOfComplexityTest.Authters.Unit.Application.HasAuthorizationTest" file="/home/stephbug/www/package/moc/authters/tests/Unit/Application/HasAuthorizationTest.php" line="34" assertions="2" time="0.064889"/>
      <testcase name="it_raise_exception_if_token_is_required_and_token_storage_is_empty" class="MerchantOfComplexityTest\Authters\Unit\Application\HasAuthorizationTest" classname="MerchantOfComplexityTest.Authters.Unit.Application.HasAuthorizationTest" file="/home/stephbug/www/package/moc/authters/tests/Unit/Application/HasAuthorizationTest.php" line="47" assertions="1" time="0.064365"/>
      <testcase name="it_grant_anonymous" class="MerchantOfComplexityTest\Authters\Unit\Application\HasAuthorizationTest" classname="MerchantOfComplexityTest.Authters.Unit.Application.HasAuthorizationTest" file="/home/stephbug/www/package/moc/authters/tests/Unit/Application/HasAuthorizationTest.php" line="59" assertions="1" time="0.065640"/>
      <testcase name="it_grant_remembered" class="MerchantOfComplexityTest\Authters\Unit\Application\HasAuthorizationTest" classname="MerchantOfComplexityTest.Authters.Unit.Application.HasAuthorizationTest" file="/home/stephbug/www/package/moc/authters/tests/Unit/Application/HasAuthorizationTest.php" line="74" assertions="1" time="0.065495"/>
      <testcase name="it_grant_fully_authenticated" class="MerchantOfComplexityTest\Authters\Unit\Application\HasAuthorizationTest" classname="MerchantOfComplexityTest.Authters.Unit.Application.HasAuthorizationTest" file="/home/stephbug/www/package/moc/authters/tests/Unit/Application/HasAuthorizationTest.php" line="89" assertions="1" time="0.065316"/>
      <testcase name="it_raise_authorization_exception" class="MerchantOfComplexityTest\Authters\Unit\Application\HasAuthorizationTest" classname="MerchantOfComplexityTest.Authters.Unit.Application.HasAuthorizationTest" file="/home/stephbug/www/package/moc/authters/tests/Unit/Application/HasAuthorizationTest.php" line="106" assertions="1" time="0.059963"/>
    </testsuite>
    <testsuite name="MerchantOfComplexityTest\Authters\Unit\Support\Firewall\AuthenticationProvidersTest" file="/home/stephbug/www/package/moc/authters/tests/Unit/Support/Firewall/AuthenticationProvidersTest.php" tests="5" assertions="8" errors="0" failures="0" skipped="0" time="0.169791">
      <testcase name="it_can_be_constructed_with_empty_providers" class="MerchantOfComplexityTest\Authters\Unit\Support\Firewall\AuthenticationProvidersTest" classname="MerchantOfComplexityTest.Authters.Unit.Support.Firewall.AuthenticationProvidersTest" file="/home/stephbug/www/package/moc/authters/tests/Unit/Support/Firewall/AuthenticationProvidersTest.php" line="19" assertions="1" time="0.039236"/>
      <testcase name="it_can_be_constructed_with_callable_provider" class="MerchantOfComplexityTest\Authters\Unit\Support\Firewall\AuthenticationProvidersTest" classname="MerchantOfComplexityTest.Authters.Unit.Support.Firewall.AuthenticationProvidersTest" file="/home/stephbug/www/package/moc/authters/tests/Unit/Support/Firewall/AuthenticationProvidersTest.php" line="39" assertions="1" time="0.035210"/>
      <testcase name="it_can_add_authentication_provider_as_string" class="MerchantOfComplexityTest\Authters\Unit\Support\Firewall\AuthenticationProvidersTest" classname="MerchantOfComplexityTest.Authters.Unit.Support.Firewall.AuthenticationProvidersTest" file="/home/stephbug/www/package/moc/authters/tests/Unit/Support/Firewall/AuthenticationProvidersTest.php" line="57" assertions="1" time="0.034513"/>
      <testcase name="it_cache_resolved_service" class="MerchantOfComplexityTest\Authters\Unit\Support\Firewall\AuthenticationProvidersTest" classname="MerchantOfComplexityTest.Authters.Unit.Support.Firewall.AuthenticationProvidersTest" file="/home/stephbug/www/package/moc/authters/tests/Unit/Support/Firewall/AuthenticationProvidersTest.php" line="79" assertions="3" time="0.035448"/>
      <testcase name="it_raise_exception_with_empty_provider" class="MerchantOfComplexityTest\Authters\Unit\Support\Firewall\AuthenticationProvidersTest" classname="MerchantOfComplexityTest.Authters.Unit.Support.Firewall.AuthenticationProvidersTest" file="/home/stephbug/www/package/moc/authters/tests/Unit/Support/Firewall/AuthenticationProvidersTest.php" line="108" assertions="2" time="0.025384"/>
    </testsuite>
    <testsuite name="MerchantOfComplexityTest\Authters\Unit\Support\Firewall\FirewallAwareTest" file="/home/stephbug/www/package/moc/authters/tests/Unit/Support/Firewall/FirewallAwareTest.php" tests="10" assertions="17" errors="0" failures="1" skipped="0" time="0.116104">
      <testcase name="it_can_be_constructed" class="MerchantOfComplexityTest\Authters\Unit\Support\Firewall\FirewallAwareTest" classname="MerchantOfComplexityTest.Authters.Unit.Support.Firewall.FirewallAwareTest" file="/home/stephbug/www/package/moc/authters/tests/Unit/Support/Firewall/FirewallAwareTest.php" line="20" assertions="2" time="0.002554"/>
      <testcase name="it_add_sorted_services" class="MerchantOfComplexityTest\Authters\Unit\Support\Firewall\FirewallAwareTest" classname="MerchantOfComplexityTest.Authters.Unit.Support.Firewall.FirewallAwareTest" file="/home/stephbug/www/package/moc/authters/tests/Unit/Support/Firewall/FirewallAwareTest.php" line="35" assertions="1" time="0.001711"/>
      <testcase name="it_raise_exception_when_resolving_provision_is_not_configured" class="MerchantOfComplexityTest\Authters\Unit\Support\Firewall\FirewallAwareTest" classname="MerchantOfComplexityTest.Authters.Unit.Support.Firewall.FirewallAwareTest" file="/home/stephbug/www/package/moc/authters/tests/Unit/Support/Firewall/FirewallAwareTest.php" line="57" assertions="2" time="0.023654"/>
      <testcase name="it_resolved_string_provision_services" class="MerchantOfComplexityTest\Authters\Unit\Support\Firewall\FirewallAwareTest" classname="MerchantOfComplexityTest.Authters.Unit.Support.Firewall.FirewallAwareTest" file="/home/stephbug/www/package/moc/authters/tests/Unit/Support/Firewall/FirewallAwareTest.php" line="69" assertions="3" time="0.019452"/>
      <testcase name="it_compare_firewall_name" class="MerchantOfComplexityTest\Authters\Unit\Support\Firewall\FirewallAwareTest" classname="MerchantOfComplexityTest.Authters.Unit.Support.Firewall.FirewallAwareTest" file="/home/stephbug/www/package/moc/authters/tests/Unit/Support/Firewall/FirewallAwareTest.php" line="89" assertions="2" time="0.002070"/>
      <testcase name="it_add_authentication_provider_to_firewall" class="MerchantOfComplexityTest\Authters\Unit\Support\Firewall\FirewallAwareTest" classname="MerchantOfComplexityTest.Authters.Unit.Support.Firewall.FirewallAwareTest" file="/home/stephbug/www/package/moc/authters/tests/Unit/Support/Firewall/FirewallAwareTest.php" line="100" assertions="1" time="0.034962"/>
      <testcase name="it_inject_firewall_context" class="MerchantOfComplexityTest\Authters\Unit\Support\Firewall\FirewallAwareTest" classname="MerchantOfComplexityTest.Authters.Unit.Support.Firewall.FirewallAwareTest" file="/home/stephbug/www/package/moc/authters/tests/Unit/Support/Firewall/FirewallAwareTest.php" line="122" assertions="1" time="0.025575">
        <failure type="PHPUnit\Framework\ExpectationFailedException">MerchantOfComplexityTest\Authters\Unit\Support\Firewall\FirewallAwareTest::it_inject_firewall_context
Failed asserting that two variables reference the same object.

/home/stephbug/www/package/moc/authters/tests/Unit/Support/Firewall/FirewallAwareTest.php:129
</failure>
      </testcase>
      <testcase name="it_inject_identity_providers" class="MerchantOfComplexityTest\Authters\Unit\Support\Firewall\FirewallAwareTest" classname="MerchantOfComplexityTest.Authters.Unit.Support.Firewall.FirewallAwareTest" file="/home/stephbug/www/package/moc/authters/tests/Unit/Support/Firewall/FirewallAwareTest.php" line="135" assertions="1" time="0.002070"/>
      <testcase name="it_raise_exception_if_add_non_configured_service" class="MerchantOfComplexityTest\Authters\Unit\Support\Firewall\FirewallAwareTest" classname="MerchantOfComplexityTest.Authters.Unit.Support.Firewall.FirewallAwareTest" file="/home/stephbug/www/package/moc/authters/tests/Unit/Support/Firewall/FirewallAwareTest.php" line="150" assertions="2" time="0.002044"/>
      <testcase name="it_raise_exception_when_provision_service_has_not_been_resolved" class="MerchantOfComplexityTest\Authters\Unit\Support\Firewall\FirewallAwareTest" classname="MerchantOfComplexityTest.Authters.Unit.Support.Firewall.FirewallAwareTest" file="/home/stephbug/www/package/moc/authters/tests/Unit/Support/Firewall/FirewallAwareTest.php" line="163" assertions="2" time="0.002012"/>
    </testsuite>
    <testsuite name="MerchantOfComplexityTest\Authters\Unit\Support\Firewall\FirewallCollectionTest" file="/home/stephbug/www/package/moc/authters/tests/Unit/Support/Firewall/FirewallCollectionTest.php" tests="7" assertions="11" errors="0" failures="0" skipped="0" time="0.088645">
      <testcase name="it_construct_multiple_firewall" class="MerchantOfComplexityTest\Authters\Unit\Support\Firewall\FirewallCollectionTest" classname="MerchantOfComplexityTest.Authters.Unit.Support.Firewall.FirewallCollectionTest" file="/home/stephbug/www/package/moc/authters/tests/Unit/Support/Firewall/FirewallCollectionTest.php" line="19" assertions="2" time="0.013786"/>
      <testcase name="it_assert_firewall_exists" class="MerchantOfComplexityTest\Authters\Unit\Support\Firewall\FirewallCollectionTest" classname="MerchantOfComplexityTest.Authters.Unit.Support.Firewall.FirewallCollectionTest" file="/home/stephbug/www/package/moc/authters/tests/Unit/Support/Firewall/FirewallCollectionTest.php" line="30" assertions="1" time="0.006558"/>
      <testcase name="it_return_firewall_aware_instance" class="MerchantOfComplexityTest\Authters\Unit\Support\Firewall\FirewallCollectionTest" classname="MerchantOfComplexityTest.Authters.Unit.Support.Firewall.FirewallCollectionTest" file="/home/stephbug/www/package/moc/authters/tests/Unit/Support/Firewall/FirewallCollectionTest.php" line="39" assertions="2" time="0.006999"/>
      <testcase name="it_add_known_authentication_service_to_firewall" class="MerchantOfComplexityTest\Authters\Unit\Support\Firewall\FirewallCollectionTest" classname="MerchantOfComplexityTest.Authters.Unit.Support.Firewall.FirewallCollectionTest" file="/home/stephbug/www/package/moc/authters/tests/Unit/Support/Firewall/FirewallCollectionTest.php" line="52" assertions="1" time="0.007084"/>
      <testcase name="it_add_authentication_provider_to_firewall" class="MerchantOfComplexityTest\Authters\Unit\Support\Firewall\FirewallCollectionTest" classname="MerchantOfComplexityTest.Authters.Unit.Support.Firewall.FirewallCollectionTest" file="/home/stephbug/www/package/moc/authters/tests/Unit/Support/Firewall/FirewallCollectionTest.php" line="66" assertions="1" time="0.040384"/>
      <testcase name="it_raise_exception_if_services_are_empty" class="MerchantOfComplexityTest\Authters\Unit\Support\Firewall\FirewallCollectionTest" classname="MerchantOfComplexityTest.Authters.Unit.Support.Firewall.FirewallCollectionTest" file="/home/stephbug/www/package/moc/authters/tests/Unit/Support/Firewall/FirewallCollectionTest.php" line="89" assertions="2" time="0.006606"/>
      <testcase name="it_raise_exception_of_invalid_firewall" class="MerchantOfComplexityTest\Authters\Unit\Support\Firewall\FirewallCollectionTest" classname="MerchantOfComplexityTest.Authters.Unit.Support.Firewall.FirewallCollectionTest" file="/home/stephbug/www/package/moc/authters/tests/Unit/Support/Firewall/FirewallCollectionTest.php" line="99" assertions="2" time="0.007228"/>
    </testsuite>
    <testsuite name="MerchantOfComplexityTest\Authters\Unit\Support\Firewall\IdentityProvidersTest" file="/home/stephbug/www/package/moc/authters/tests/Unit/Support/Firewall/IdentityProvidersTest.php" tests="2" assertions="4" errors="0" failures="0" skipped="0" time="0.018955">
      <testcase name="it_raise_exception_with_empty_identity_providers" class="MerchantOfComplexityTest\Authters\Unit\Support\Firewall\IdentityProvidersTest" classname="MerchantOfComplexityTest.Authters.Unit.Support.Firewall.IdentityProvidersTest" file="/home/stephbug/www/package/moc/authters/tests/Unit/Support/Firewall/IdentityProvidersTest.php" line="19" assertions="2" time="0.001934"/>
      <testcase name="it_generate_identity_provider" class="MerchantOfComplexityTest\Authters\Unit\Support\Firewall\IdentityProvidersTest" classname="MerchantOfComplexityTest.Authters.Unit.Support.Firewall.IdentityProvidersTest" file="/home/stephbug/www/package/moc/authters/tests/Unit/Support/Firewall/IdentityProvidersTest.php" line="27" assertions="2" time="0.017021"/>
    </testsuite>
  </testsuite>
</testsuites>
